running egg_info
creating ../build/lab3/lab3.egg-info
writing ../build/lab3/lab3.egg-info/PKG-INFO
writing dependency_links to ../build/lab3/lab3.egg-info/dependency_links.txt
writing entry points to ../build/lab3/lab3.egg-info/entry_points.txt
writing requirements to ../build/lab3/lab3.egg-info/requires.txt
writing top-level names to ../build/lab3/lab3.egg-info/top_level.txt
writing manifest file '../build/lab3/lab3.egg-info/SOURCES.txt'
reading manifest file '../build/lab3/lab3.egg-info/SOURCES.txt'
adding license file 'LICENSE'
writing manifest file '../build/lab3/lab3.egg-info/SOURCES.txt'
running build
running build_py
creating /home/student/anro_ws/src/build/lab3/build
creating /home/student/anro_ws/src/build/lab3/build/lib
creating /home/student/anro_ws/src/build/lab3/build/lib/lab3
copying lab3/__init__.py -> /home/student/anro_ws/src/build/lab3/build/lib/lab3
copying lab3/komunikator.py -> /home/student/anro_ws/src/build/lab3/build/lib/lab3
running install
running install_lib
creating /home/student/anro_ws/src/install/lab3/lib/python3.10/site-packages/lab3
copying /home/student/anro_ws/src/build/lab3/build/lib/lab3/__init__.py -> /home/student/anro_ws/src/install/lab3/lib/python3.10/site-packages/lab3
copying /home/student/anro_ws/src/build/lab3/build/lib/lab3/komunikator.py -> /home/student/anro_ws/src/install/lab3/lib/python3.10/site-packages/lab3
byte-compiling /home/student/anro_ws/src/install/lab3/lib/python3.10/site-packages/lab3/__init__.py to __init__.cpython-310.pyc
byte-compiling /home/student/anro_ws/src/install/lab3/lib/python3.10/site-packages/lab3/komunikator.py to komunikator.cpython-310.pyc
running install_data
creating /home/student/anro_ws/src/install/lab3/share/ament_index
creating /home/student/anro_ws/src/install/lab3/share/ament_index/resource_index
creating /home/student/anro_ws/src/install/lab3/share/ament_index/resource_index/packages
copying resource/lab3 -> /home/student/anro_ws/src/install/lab3/share/ament_index/resource_index/packages
copying package.xml -> /home/student/anro_ws/src/install/lab3/share/lab3
creating /home/student/anro_ws/src/install/lab3/share/lab3/launch
running install_egg_info
Copying ../build/lab3/lab3.egg-info to /home/student/anro_ws/src/install/lab3/lib/python3.10/site-packages/lab3-0.0.0-py3.10.egg-info
running install_scripts
Installing lab3 script to /home/student/anro_ws/src/install/lab3/lib/lab3
writing list of installed files to '/home/student/anro_ws/src/build/lab3/install.log'
