[0.190s] Invoking command in '/home/student/anro_ws/src/build/urdf_tutorial': AMENT_PREFIX_PATH=/home/student/anro_ws/src/install/urdf_launch:${AMENT_PREFIX_PATH} CMAKE_PREFIX_PATH=/home/student/anro_ws/src/install/urdf_launch:/opt/dobot_anro_system/install/dobot_msgs:/opt/dobot_anro_system/install/dobot_driver:/opt/dobot_anro_system/install/dobot_state_updater:/opt/dobot_anro_system/install/dobot_motion:/opt/dobot_anro_system/install/dobot_homing:/opt/dobot_anro_system/install/dobot_end_effector:/opt/dobot_anro_system/install/dobot_diagnostics:/opt/dobot_anro_system/install/dobot_control_panel:/opt/dobot_anro_system/install/dobot_bringup:/opt/ros/humble /usr/bin/cmake /home/student/anro_ws/src/urdf_tutorial -DCMAKE_INSTALL_PREFIX=/home/student/anro_ws/src/install/urdf_tutorial
[0.246s] -- The C compiler identification is GNU 11.4.0
[0.302s] -- The CXX compiler identification is GNU 11.4.0
[0.309s] -- Detecting C compiler ABI info
[0.379s] -- Detecting C compiler ABI info - done
[0.387s] -- Check for working C compiler: /usr/bin/cc - skipped
[0.388s] -- Detecting C compile features
[0.389s] -- Detecting C compile features - done
[0.391s] -- Detecting CXX compiler ABI info
[0.474s] -- Detecting CXX compiler ABI info - done
[0.483s] -- Check for working CXX compiler: /usr/bin/c++ - skipped
[0.483s] -- Detecting CXX compile features
[0.484s] -- Detecting CXX compile features - done
[0.487s] -- Found ament_cmake: 1.3.7 (/opt/ros/humble/share/ament_cmake/cmake)
[0.669s] -- Found Python3: /usr/bin/python3.10 (found version "3.10.12") found components: Interpreter 
[0.764s] -- Found ament_lint_auto: 0.12.10 (/opt/ros/humble/share/ament_lint_auto/cmake)
[0.830s] -- Configuring done
[0.833s] -- Generating done
[0.834s] -- Build files have been written to: /home/student/anro_ws/src/build/urdf_tutorial
[0.838s] Invoked command in '/home/student/anro_ws/src/build/urdf_tutorial' returned '0': AMENT_PREFIX_PATH=/home/student/anro_ws/src/install/urdf_launch:${AMENT_PREFIX_PATH} CMAKE_PREFIX_PATH=/home/student/anro_ws/src/install/urdf_launch:/opt/dobot_anro_system/install/dobot_msgs:/opt/dobot_anro_system/install/dobot_driver:/opt/dobot_anro_system/install/dobot_state_updater:/opt/dobot_anro_system/install/dobot_motion:/opt/dobot_anro_system/install/dobot_homing:/opt/dobot_anro_system/install/dobot_end_effector:/opt/dobot_anro_system/install/dobot_diagnostics:/opt/dobot_anro_system/install/dobot_control_panel:/opt/dobot_anro_system/install/dobot_bringup:/opt/ros/humble /usr/bin/cmake /home/student/anro_ws/src/urdf_tutorial -DCMAKE_INSTALL_PREFIX=/home/student/anro_ws/src/install/urdf_tutorial
[0.840s] Invoking command in '/home/student/anro_ws/src/build/urdf_tutorial': AMENT_PREFIX_PATH=/home/student/anro_ws/src/install/urdf_launch:${AMENT_PREFIX_PATH} CMAKE_PREFIX_PATH=/home/student/anro_ws/src/install/urdf_launch:/opt/dobot_anro_system/install/dobot_msgs:/opt/dobot_anro_system/install/dobot_driver:/opt/dobot_anro_system/install/dobot_state_updater:/opt/dobot_anro_system/install/dobot_motion:/opt/dobot_anro_system/install/dobot_homing:/opt/dobot_anro_system/install/dobot_end_effector:/opt/dobot_anro_system/install/dobot_diagnostics:/opt/dobot_anro_system/install/dobot_control_panel:/opt/dobot_anro_system/install/dobot_bringup:/opt/ros/humble /usr/bin/cmake --build /home/student/anro_ws/src/build/urdf_tutorial -- -j4 -l4
[0.875s] Invoked command in '/home/student/anro_ws/src/build/urdf_tutorial' returned '0': AMENT_PREFIX_PATH=/home/student/anro_ws/src/install/urdf_launch:${AMENT_PREFIX_PATH} CMAKE_PREFIX_PATH=/home/student/anro_ws/src/install/urdf_launch:/opt/dobot_anro_system/install/dobot_msgs:/opt/dobot_anro_system/install/dobot_driver:/opt/dobot_anro_system/install/dobot_state_updater:/opt/dobot_anro_system/install/dobot_motion:/opt/dobot_anro_system/install/dobot_homing:/opt/dobot_anro_system/install/dobot_end_effector:/opt/dobot_anro_system/install/dobot_diagnostics:/opt/dobot_anro_system/install/dobot_control_panel:/opt/dobot_anro_system/install/dobot_bringup:/opt/ros/humble /usr/bin/cmake --build /home/student/anro_ws/src/build/urdf_tutorial -- -j4 -l4
[0.900s] Invoking command in '/home/student/anro_ws/src/build/urdf_tutorial': AMENT_PREFIX_PATH=/home/student/anro_ws/src/install/urdf_launch:${AMENT_PREFIX_PATH} CMAKE_PREFIX_PATH=/home/student/anro_ws/src/install/urdf_launch:/opt/dobot_anro_system/install/dobot_msgs:/opt/dobot_anro_system/install/dobot_driver:/opt/dobot_anro_system/install/dobot_state_updater:/opt/dobot_anro_system/install/dobot_motion:/opt/dobot_anro_system/install/dobot_homing:/opt/dobot_anro_system/install/dobot_end_effector:/opt/dobot_anro_system/install/dobot_diagnostics:/opt/dobot_anro_system/install/dobot_control_panel:/opt/dobot_anro_system/install/dobot_bringup:/opt/ros/humble /usr/bin/cmake --install /home/student/anro_ws/src/build/urdf_tutorial
[0.908s] -- Install configuration: ""
[0.908s] -- Installing: /home/student/anro_ws/src/install/urdf_tutorial/share/urdf_tutorial/images
[0.908s] -- Installing: /home/student/anro_ws/src/install/urdf_tutorial/share/urdf_tutorial/images/myfirst.png
[0.908s] -- Installing: /home/student/anro_ws/src/install/urdf_tutorial/share/urdf_tutorial/images/origins.png
[0.908s] -- Installing: /home/student/anro_ws/src/install/urdf_tutorial/share/urdf_tutorial/images/flexible.png
[0.908s] -- Installing: /home/student/anro_ws/src/install/urdf_tutorial/share/urdf_tutorial/images/visual.png
[0.909s] -- Installing: /home/student/anro_ws/src/install/urdf_tutorial/share/urdf_tutorial/images/multipleshapes.png
[0.909s] -- Installing: /home/student/anro_ws/src/install/urdf_tutorial/share/urdf_tutorial/images/materials.png
[0.909s] -- Installing: /home/student/anro_ws/src/install/urdf_tutorial/share/urdf_tutorial/launch
[0.909s] -- Installing: /home/student/anro_ws/src/install/urdf_tutorial/share/urdf_tutorial/launch/display.launch.py
[0.909s] -- Installing: /home/student/anro_ws/src/install/urdf_tutorial/share/urdf_tutorial/meshes
[0.909s] -- Installing: /home/student/anro_ws/src/install/urdf_tutorial/share/urdf_tutorial/meshes/l_finger.dae
[0.910s] -- Installing: /home/student/anro_ws/src/install/urdf_tutorial/share/urdf_tutorial/meshes/l_finger_color.png
[0.910s] -- Installing: /home/student/anro_ws/src/install/urdf_tutorial/share/urdf_tutorial/meshes/l_finger_tip.dae
[0.910s] -- Installing: /home/student/anro_ws/src/install/urdf_tutorial/share/urdf_tutorial/meshes/l_finger_tip_color.png
[0.910s] -- Installing: /home/student/anro_ws/src/install/urdf_tutorial/share/urdf_tutorial/rviz
[0.910s] -- Installing: /home/student/anro_ws/src/install/urdf_tutorial/share/urdf_tutorial/rviz/urdf.rviz
[0.910s] -- Installing: /home/student/anro_ws/src/install/urdf_tutorial/share/urdf_tutorial/rviz/dobot1.rviz
[0.910s] -- Installing: /home/student/anro_ws/src/install/urdf_tutorial/share/urdf_tutorial/rviz/dobot2.rviz
[0.910s] -- Installing: /home/student/anro_ws/src/install/urdf_tutorial/share/urdf_tutorial/urdf
[0.910s] -- Installing: /home/student/anro_ws/src/install/urdf_tutorial/share/urdf_tutorial/urdf/03-origins.urdf
[0.911s] -- Installing: /home/student/anro_ws/src/install/urdf_tutorial/share/urdf_tutorial/urdf/dobot.urdf.xacro
[0.911s] -- Installing: /home/student/anro_ws/src/install/urdf_tutorial/share/urdf_tutorial/urdf/01-myfirst.urdf
[0.911s] -- Installing: /home/student/anro_ws/src/install/urdf_tutorial/share/urdf_tutorial/urdf/08-macroed.urdf.xacro
[0.911s] -- Installing: /home/student/anro_ws/src/install/urdf_tutorial/share/urdf_tutorial/urdf/05-visual.urdf
[0.911s] -- Installing: /home/student/anro_ws/src/install/urdf_tutorial/share/urdf_tutorial/urdf/02-multipleshapes.urdf
[0.911s] -- Installing: /home/student/anro_ws/src/install/urdf_tutorial/share/urdf_tutorial/urdf/07-physics.urdf
[0.912s] -- Installing: /home/student/anro_ws/src/install/urdf_tutorial/share/urdf_tutorial/urdf/04-materials.urdf
[0.912s] -- Installing: /home/student/anro_ws/src/install/urdf_tutorial/share/urdf_tutorial/urdf/06-flexible.urdf
[0.912s] -- Installing: /home/student/anro_ws/src/install/urdf_tutorial/share/ament_index/resource_index/package_run_dependencies/urdf_tutorial
[0.912s] -- Installing: /home/student/anro_ws/src/install/urdf_tutorial/share/ament_index/resource_index/parent_prefix_path/urdf_tutorial
[0.912s] -- Installing: /home/student/anro_ws/src/install/urdf_tutorial/share/urdf_tutorial/environment/ament_prefix_path.sh
[0.912s] -- Installing: /home/student/anro_ws/src/install/urdf_tutorial/share/urdf_tutorial/environment/ament_prefix_path.dsv
[0.912s] -- Installing: /home/student/anro_ws/src/install/urdf_tutorial/share/urdf_tutorial/environment/path.sh
[0.912s] -- Installing: /home/student/anro_ws/src/install/urdf_tutorial/share/urdf_tutorial/environment/path.dsv
[0.913s] -- Installing: /home/student/anro_ws/src/install/urdf_tutorial/share/urdf_tutorial/local_setup.bash
[0.913s] -- Installing: /home/student/anro_ws/src/install/urdf_tutorial/share/urdf_tutorial/local_setup.sh
[0.913s] -- Installing: /home/student/anro_ws/src/install/urdf_tutorial/share/urdf_tutorial/local_setup.zsh
[0.913s] -- Installing: /home/student/anro_ws/src/install/urdf_tutorial/share/urdf_tutorial/local_setup.dsv
[0.913s] -- Installing: /home/student/anro_ws/src/install/urdf_tutorial/share/urdf_tutorial/package.dsv
[0.913s] -- Installing: /home/student/anro_ws/src/install/urdf_tutorial/share/ament_index/resource_index/packages/urdf_tutorial
[0.913s] -- Installing: /home/student/anro_ws/src/install/urdf_tutorial/share/urdf_tutorial/cmake/urdf_tutorialConfig.cmake
[0.913s] -- Installing: /home/student/anro_ws/src/install/urdf_tutorial/share/urdf_tutorial/cmake/urdf_tutorialConfig-version.cmake
[0.914s] -- Installing: /home/student/anro_ws/src/install/urdf_tutorial/share/urdf_tutorial/package.xml
[0.915s] Invoked command in '/home/student/anro_ws/src/build/urdf_tutorial' returned '0': AMENT_PREFIX_PATH=/home/student/anro_ws/src/install/urdf_launch:${AMENT_PREFIX_PATH} CMAKE_PREFIX_PATH=/home/student/anro_ws/src/install/urdf_launch:/opt/dobot_anro_system/install/dobot_msgs:/opt/dobot_anro_system/install/dobot_driver:/opt/dobot_anro_system/install/dobot_state_updater:/opt/dobot_anro_system/install/dobot_motion:/opt/dobot_anro_system/install/dobot_homing:/opt/dobot_anro_system/install/dobot_end_effector:/opt/dobot_anro_system/install/dobot_diagnostics:/opt/dobot_anro_system/install/dobot_control_panel:/opt/dobot_anro_system/install/dobot_bringup:/opt/ros/humble /usr/bin/cmake --install /home/student/anro_ws/src/build/urdf_tutorial
