[1.929s] Invoking command in '/home/student/anro_ws/src/lab2PD': PYTHONPATH=/home/student/anro_ws/src/build/lab2PD/prefix_override:/home/student/anro_ws/src/install/lab2PD/lib/python3.10/site-packages:${PYTHONPATH} /usr/bin/python3 setup.py egg_info --egg-base ../build/lab2PD build --build-base /home/student/anro_ws/src/build/lab2PD/build install --record /home/student/anro_ws/src/build/lab2PD/install.log --single-version-externally-managed
[2.218s] running egg_info
[2.219s] creating ../build/lab2PD/lab2PD.egg-info
[2.219s] writing ../build/lab2PD/lab2PD.egg-info/PKG-INFO
[2.220s] writing dependency_links to ../build/lab2PD/lab2PD.egg-info/dependency_links.txt
[2.220s] writing entry points to ../build/lab2PD/lab2PD.egg-info/entry_points.txt
[2.220s] writing requirements to ../build/lab2PD/lab2PD.egg-info/requires.txt
[2.220s] writing top-level names to ../build/lab2PD/lab2PD.egg-info/top_level.txt
[2.220s] writing manifest file '../build/lab2PD/lab2PD.egg-info/SOURCES.txt'
[2.222s] reading manifest file '../build/lab2PD/lab2PD.egg-info/SOURCES.txt'
[2.222s] writing manifest file '../build/lab2PD/lab2PD.egg-info/SOURCES.txt'
[2.223s] running build
[2.223s] running build_py
[2.223s] creating /home/student/anro_ws/src/build/lab2PD/build
[2.223s] creating /home/student/anro_ws/src/build/lab2PD/build/lib
[2.223s] creating /home/student/anro_ws/src/build/lab2PD/build/lib/lab2PD
[2.223s] copying lab2PD/turtle_action.py -> /home/student/anro_ws/src/build/lab2PD/build/lib/lab2PD
[2.224s] copying lab2PD/__init__.py -> /home/student/anro_ws/src/build/lab2PD/build/lib/lab2PD
[2.224s] running install
[2.224s] running install_lib
[2.224s] creating /home/student/anro_ws/src/install/lab2PD/lib/python3.10/site-packages/lab2PD
[2.225s] copying /home/student/anro_ws/src/build/lab2PD/build/lib/lab2PD/turtle_action.py -> /home/student/anro_ws/src/install/lab2PD/lib/python3.10/site-packages/lab2PD
[2.225s] copying /home/student/anro_ws/src/build/lab2PD/build/lib/lab2PD/__init__.py -> /home/student/anro_ws/src/install/lab2PD/lib/python3.10/site-packages/lab2PD
[2.225s] byte-compiling /home/student/anro_ws/src/install/lab2PD/lib/python3.10/site-packages/lab2PD/turtle_action.py to turtle_action.cpython-310.pyc
[2.227s] byte-compiling /home/student/anro_ws/src/install/lab2PD/lib/python3.10/site-packages/lab2PD/__init__.py to __init__.cpython-310.pyc
[2.227s] running install_data
[2.228s] creating /home/student/anro_ws/src/install/lab2PD/share/ament_index
[2.228s] creating /home/student/anro_ws/src/install/lab2PD/share/ament_index/resource_index
[2.228s] creating /home/student/anro_ws/src/install/lab2PD/share/ament_index/resource_index/packages
[2.228s] copying resource/lab2PD -> /home/student/anro_ws/src/install/lab2PD/share/ament_index/resource_index/packages
[2.228s] copying package.xml -> /home/student/anro_ws/src/install/lab2PD/share/lab2PD
[2.228s] copying launch/turtle_action_launch.py -> /home/student/anro_ws/src/install/lab2PD/share/lab2PD
[2.228s] running install_egg_info
[2.230s] Copying ../build/lab2PD/lab2PD.egg-info to /home/student/anro_ws/src/install/lab2PD/lib/python3.10/site-packages/lab2PD-0.0.0-py3.10.egg-info
[2.231s] running install_scripts
[2.256s] Installing turtle_action script to /home/student/anro_ws/src/install/lab2PD/lib/lab2PD
[2.256s] writing list of installed files to '/home/student/anro_ws/src/build/lab2PD/install.log'
[2.312s] Invoked command in '/home/student/anro_ws/src/lab2PD' returned '0': PYTHONPATH=/home/student/anro_ws/src/build/lab2PD/prefix_override:/home/student/anro_ws/src/install/lab2PD/lib/python3.10/site-packages:${PYTHONPATH} /usr/bin/python3 setup.py egg_info --egg-base ../build/lab2PD build --build-base /home/student/anro_ws/src/build/lab2PD/build install --record /home/student/anro_ws/src/build/lab2PD/install.log --single-version-externally-managed
