running egg_info
creating ../build/lab6/lab6.egg-info
writing ../build/lab6/lab6.egg-info/PKG-INFO
writing dependency_links to ../build/lab6/lab6.egg-info/dependency_links.txt
writing entry points to ../build/lab6/lab6.egg-info/entry_points.txt
writing requirements to ../build/lab6/lab6.egg-info/requires.txt
writing top-level names to ../build/lab6/lab6.egg-info/top_level.txt
writing manifest file '../build/lab6/lab6.egg-info/SOURCES.txt'
reading manifest file '../build/lab6/lab6.egg-info/SOURCES.txt'
adding license file 'LICENSE'
writing manifest file '../build/lab6/lab6.egg-info/SOURCES.txt'
running build
running build_py
creating /home/student/anro_ws/src/build/lab6/build
creating /home/student/anro_ws/src/build/lab6/build/lib
creating /home/student/anro_ws/src/build/lab6/build/lib/lab6
copying lab6/__init__.py -> /home/student/anro_ws/src/build/lab6/build/lib/lab6
copying lab6/marker_broker.py -> /home/student/anro_ws/src/build/lab6/build/lib/lab6
running install
running install_lib
creating /home/student/anro_ws/src/install/lab6/lib/python3.10/site-packages/lab6
copying /home/student/anro_ws/src/build/lab6/build/lib/lab6/__init__.py -> /home/student/anro_ws/src/install/lab6/lib/python3.10/site-packages/lab6
copying /home/student/anro_ws/src/build/lab6/build/lib/lab6/marker_broker.py -> /home/student/anro_ws/src/install/lab6/lib/python3.10/site-packages/lab6
byte-compiling /home/student/anro_ws/src/install/lab6/lib/python3.10/site-packages/lab6/__init__.py to __init__.cpython-310.pyc
byte-compiling /home/student/anro_ws/src/install/lab6/lib/python3.10/site-packages/lab6/marker_broker.py to marker_broker.cpython-310.pyc
running install_data
creating /home/student/anro_ws/src/install/lab6/share/ament_index
creating /home/student/anro_ws/src/install/lab6/share/ament_index/resource_index
creating /home/student/anro_ws/src/install/lab6/share/ament_index/resource_index/packages
copying resource/lab6 -> /home/student/anro_ws/src/install/lab6/share/ament_index/resource_index/packages
copying package.xml -> /home/student/anro_ws/src/install/lab6/share/lab6
running install_egg_info
Copying ../build/lab6/lab6.egg-info to /home/student/anro_ws/src/install/lab6/lib/python3.10/site-packages/lab6-0.0.0-py3.10.egg-info
running install_scripts
Installing marker_broker script to /home/student/anro_ws/src/install/lab6/lib/lab6
writing list of installed files to '/home/student/anro_ws/src/build/lab6/install.log'
