[2.342s] Invoking command in '/home/student/anro_ws/src/lab4': PYTHONPATH=/home/student/anro_ws/src/build/lab4/prefix_override:/home/student/anro_ws/src/install/lab4/lib/python3.10/site-packages:${PYTHONPATH} /usr/bin/python3 setup.py egg_info --egg-base ../build/lab4 build --build-base /home/student/anro_ws/src/build/lab4/build install --record /home/student/anro_ws/src/build/lab4/install.log --single-version-externally-managed
[2.760s] running egg_info
[2.761s] writing ../build/lab4/lab4.egg-info/PKG-INFO
[2.762s] writing dependency_links to ../build/lab4/lab4.egg-info/dependency_links.txt
[2.762s] writing entry points to ../build/lab4/lab4.egg-info/entry_points.txt
[2.763s] writing requirements to ../build/lab4/lab4.egg-info/requires.txt
[2.763s] writing top-level names to ../build/lab4/lab4.egg-info/top_level.txt
[2.764s] reading manifest file '../build/lab4/lab4.egg-info/SOURCES.txt'
[2.765s] adding license file 'LICENSE'
[2.765s] writing manifest file '../build/lab4/lab4.egg-info/SOURCES.txt'
[2.766s] running build
[2.766s] running build_py
[2.767s] running install
[2.767s] running install_lib
[2.768s] running install_data
[2.768s] running install_egg_info
[2.771s] removing '/home/student/anro_ws/src/install/lab4/lib/python3.10/site-packages/lab4-0.0.0-py3.10.egg-info' (and everything under it)
[2.771s] Copying ../build/lab4/lab4.egg-info to /home/student/anro_ws/src/install/lab4/lib/python3.10/site-packages/lab4-0.0.0-py3.10.egg-info
[2.772s] running install_scripts
[2.793s] Installing Move_To_Point script to /home/student/anro_ws/src/install/lab4/lib/lab4
[2.797s] writing list of installed files to '/home/student/anro_ws/src/build/lab4/install.log'
[3.096s] Invoked command in '/home/student/anro_ws/src/lab4' returned '0': PYTHONPATH=/home/student/anro_ws/src/build/lab4/prefix_override:/home/student/anro_ws/src/install/lab4/lib/python3.10/site-packages:${PYTHONPATH} /usr/bin/python3 setup.py egg_info --egg-base ../build/lab4 build --build-base /home/student/anro_ws/src/build/lab4/build install --record /home/student/anro_ws/src/build/lab4/install.log --single-version-externally-managed
