[1.020s] DEBUG:colcon:Command line arguments: ['/usr/bin/colcon', 'build']
[1.020s] DEBUG:colcon:Parsed command line arguments: Namespace(log_base=None, log_level=None, verb_name='build', build_base='build', install_base='install', merge_install=False, symlink_install=False, test_result_base=None, continue_on_error=False, executor='parallel', parallel_workers=4, event_handlers=None, ignore_user_meta=False, metas=['./colcon.meta'], base_paths=['.'], packages_ignore=None, packages_ignore_regex=None, paths=None, packages_up_to=None, packages_up_to_regex=None, packages_above=None, packages_above_and_dependencies=None, packages_above_depth=None, packages_select_by_dep=None, packages_skip_by_dep=None, packages_skip_up_to=None, packages_select_build_failed=False, packages_skip_build_finished=False, packages_select_test_failures=False, packages_skip_test_passed=False, packages_select=None, packages_skip=None, packages_select_regex=None, packages_skip_regex=None, packages_start=None, packages_end=None, allow_overriding=[], cmake_args=None, cmake_target=None, cmake_target_skip_unavailable=False, cmake_clean_cache=False, cmake_clean_first=False, cmake_force_configure=False, ament_cmake_args=None, catkin_cmake_args=None, catkin_skip_building_tests=False, verb_parser=<colcon_defaults.argument_parser.defaults.DefaultArgumentsDecorator object at 0x73252b42add0>, verb_extension=<colcon_core.verb.build.BuildVerb object at 0x73252b42bbb0>, main=<bound method BuildVerb.main of <colcon_core.verb.build.BuildVerb object at 0x73252b42bbb0>>)
[1.066s] Level 1:colcon.colcon_core.package_discovery:discover_packages(colcon_meta) check parameters
[1.067s] Level 1:colcon.colcon_core.package_discovery:discover_packages(recursive) check parameters
[1.067s] Level 1:colcon.colcon_core.package_discovery:discover_packages(ignore) check parameters
[1.067s] Level 1:colcon.colcon_core.package_discovery:discover_packages(path) check parameters
[1.067s] Level 1:colcon.colcon_core.package_discovery:discover_packages(colcon_meta) discover
[1.067s] Level 1:colcon.colcon_core.package_discovery:discover_packages(recursive) discover
[1.067s] INFO:colcon.colcon_core.package_discovery:Crawling recursively for packages in '/home/student/anro_ws/src'
[1.067s] Level 1:colcon.colcon_core.package_identification:_identify(.) by extensions ['ignore', 'ignore_ament_install']
[1.067s] Level 1:colcon.colcon_core.package_identification:_identify(.) by extension 'ignore'
[1.067s] Level 1:colcon.colcon_core.package_identification:_identify(.) by extension 'ignore_ament_install'
[1.067s] Level 1:colcon.colcon_core.package_identification:_identify(.) by extensions ['colcon_pkg']
[1.067s] Level 1:colcon.colcon_core.package_identification:_identify(.) by extension 'colcon_pkg'
[1.067s] Level 1:colcon.colcon_core.package_identification:_identify(.) by extensions ['colcon_meta']
[1.067s] Level 1:colcon.colcon_core.package_identification:_identify(.) by extension 'colcon_meta'
[1.067s] Level 1:colcon.colcon_core.package_identification:_identify(.) by extensions ['ros']
[1.067s] Level 1:colcon.colcon_core.package_identification:_identify(.) by extension 'ros'
[1.078s] Level 1:colcon.colcon_core.package_identification:_identify(.) by extensions ['cmake', 'python']
[1.078s] Level 1:colcon.colcon_core.package_identification:_identify(.) by extension 'cmake'
[1.078s] Level 1:colcon.colcon_core.package_identification:_identify(.) by extension 'python'
[1.078s] Level 1:colcon.colcon_core.package_identification:_identify(.) by extensions ['python_setup_py']
[1.078s] Level 1:colcon.colcon_core.package_identification:_identify(.) by extension 'python_setup_py'
[1.078s] Level 1:colcon.colcon_core.package_identification:_identify(ForwardKin) by extensions ['ignore', 'ignore_ament_install']
[1.079s] Level 1:colcon.colcon_core.package_identification:_identify(ForwardKin) by extension 'ignore'
[1.079s] Level 1:colcon.colcon_core.package_identification:_identify(ForwardKin) by extension 'ignore_ament_install'
[1.079s] Level 1:colcon.colcon_core.package_identification:_identify(ForwardKin) by extensions ['colcon_pkg']
[1.079s] Level 1:colcon.colcon_core.package_identification:_identify(ForwardKin) by extension 'colcon_pkg'
[1.079s] Level 1:colcon.colcon_core.package_identification:_identify(ForwardKin) by extensions ['colcon_meta']
[1.079s] Level 1:colcon.colcon_core.package_identification:_identify(ForwardKin) by extension 'colcon_meta'
[1.079s] Level 1:colcon.colcon_core.package_identification:_identify(ForwardKin) by extensions ['ros']
[1.079s] Level 1:colcon.colcon_core.package_identification:_identify(ForwardKin) by extension 'ros'
[1.081s] DEBUG:colcon.colcon_core.package_identification:Package 'ForwardKin' with type 'ros.ament_python' and name 'ForwardKin'
[1.081s] Level 1:colcon.colcon_core.package_identification:_identify(build) by extensions ['ignore', 'ignore_ament_install']
[1.081s] Level 1:colcon.colcon_core.package_identification:_identify(build) by extension 'ignore'
[1.081s] Level 1:colcon.colcon_core.package_identification:_identify(build) ignored
[1.082s] Level 1:colcon.colcon_core.package_identification:_identify(install) by extensions ['ignore', 'ignore_ament_install']
[1.082s] Level 1:colcon.colcon_core.package_identification:_identify(install) by extension 'ignore'
[1.082s] Level 1:colcon.colcon_core.package_identification:_identify(install) ignored
[1.082s] Level 1:colcon.colcon_core.package_identification:_identify(lab2) by extensions ['ignore', 'ignore_ament_install']
[1.082s] Level 1:colcon.colcon_core.package_identification:_identify(lab2) by extension 'ignore'
[1.082s] Level 1:colcon.colcon_core.package_identification:_identify(lab2) by extension 'ignore_ament_install'
[1.082s] Level 1:colcon.colcon_core.package_identification:_identify(lab2) by extensions ['colcon_pkg']
[1.082s] Level 1:colcon.colcon_core.package_identification:_identify(lab2) by extension 'colcon_pkg'
[1.082s] Level 1:colcon.colcon_core.package_identification:_identify(lab2) by extensions ['colcon_meta']
[1.082s] Level 1:colcon.colcon_core.package_identification:_identify(lab2) by extension 'colcon_meta'
[1.082s] Level 1:colcon.colcon_core.package_identification:_identify(lab2) by extensions ['ros']
[1.082s] Level 1:colcon.colcon_core.package_identification:_identify(lab2) by extension 'ros'
[1.083s] DEBUG:colcon.colcon_core.package_identification:Package 'lab2' with type 'ros.ament_python' and name 'lab2'
[1.083s] Level 1:colcon.colcon_core.package_identification:_identify(lab2PD) by extensions ['ignore', 'ignore_ament_install']
[1.083s] Level 1:colcon.colcon_core.package_identification:_identify(lab2PD) by extension 'ignore'
[1.083s] Level 1:colcon.colcon_core.package_identification:_identify(lab2PD) by extension 'ignore_ament_install'
[1.083s] Level 1:colcon.colcon_core.package_identification:_identify(lab2PD) by extensions ['colcon_pkg']
[1.083s] Level 1:colcon.colcon_core.package_identification:_identify(lab2PD) by extension 'colcon_pkg'
[1.083s] Level 1:colcon.colcon_core.package_identification:_identify(lab2PD) by extensions ['colcon_meta']
[1.083s] Level 1:colcon.colcon_core.package_identification:_identify(lab2PD) by extension 'colcon_meta'
[1.083s] Level 1:colcon.colcon_core.package_identification:_identify(lab2PD) by extensions ['ros']
[1.083s] Level 1:colcon.colcon_core.package_identification:_identify(lab2PD) by extension 'ros'
[1.084s] DEBUG:colcon.colcon_core.package_identification:Package 'lab2PD' with type 'ros.ament_python' and name 'lab2PD'
[1.084s] Level 1:colcon.colcon_core.package_identification:_identify(lab3) by extensions ['ignore', 'ignore_ament_install']
[1.084s] Level 1:colcon.colcon_core.package_identification:_identify(lab3) by extension 'ignore'
[1.084s] Level 1:colcon.colcon_core.package_identification:_identify(lab3) by extension 'ignore_ament_install'
[1.084s] Level 1:colcon.colcon_core.package_identification:_identify(lab3) by extensions ['colcon_pkg']
[1.084s] Level 1:colcon.colcon_core.package_identification:_identify(lab3) by extension 'colcon_pkg'
[1.084s] Level 1:colcon.colcon_core.package_identification:_identify(lab3) by extensions ['colcon_meta']
[1.084s] Level 1:colcon.colcon_core.package_identification:_identify(lab3) by extension 'colcon_meta'
[1.084s] Level 1:colcon.colcon_core.package_identification:_identify(lab3) by extensions ['ros']
[1.084s] Level 1:colcon.colcon_core.package_identification:_identify(lab3) by extension 'ros'
[1.085s] DEBUG:colcon.colcon_core.package_identification:Package 'lab3' with type 'ros.ament_python' and name 'lab3'
[1.085s] Level 1:colcon.colcon_core.package_identification:_identify(lab3PD) by extensions ['ignore', 'ignore_ament_install']
[1.085s] Level 1:colcon.colcon_core.package_identification:_identify(lab3PD) by extension 'ignore'
[1.085s] Level 1:colcon.colcon_core.package_identification:_identify(lab3PD) by extension 'ignore_ament_install'
[1.085s] Level 1:colcon.colcon_core.package_identification:_identify(lab3PD) by extensions ['colcon_pkg']
[1.085s] Level 1:colcon.colcon_core.package_identification:_identify(lab3PD) by extension 'colcon_pkg'
[1.085s] Level 1:colcon.colcon_core.package_identification:_identify(lab3PD) by extensions ['colcon_meta']
[1.085s] Level 1:colcon.colcon_core.package_identification:_identify(lab3PD) by extension 'colcon_meta'
[1.085s] Level 1:colcon.colcon_core.package_identification:_identify(lab3PD) by extensions ['ros']
[1.085s] Level 1:colcon.colcon_core.package_identification:_identify(lab3PD) by extension 'ros'
[1.086s] DEBUG:colcon.colcon_core.package_identification:Package 'lab3PD' with type 'ros.ament_python' and name 'lab3PD'
[1.086s] Level 1:colcon.colcon_core.package_identification:_identify(lab4) by extensions ['ignore', 'ignore_ament_install']
[1.086s] Level 1:colcon.colcon_core.package_identification:_identify(lab4) by extension 'ignore'
[1.086s] Level 1:colcon.colcon_core.package_identification:_identify(lab4) by extension 'ignore_ament_install'
[1.086s] Level 1:colcon.colcon_core.package_identification:_identify(lab4) by extensions ['colcon_pkg']
[1.086s] Level 1:colcon.colcon_core.package_identification:_identify(lab4) by extension 'colcon_pkg'
[1.086s] Level 1:colcon.colcon_core.package_identification:_identify(lab4) by extensions ['colcon_meta']
[1.086s] Level 1:colcon.colcon_core.package_identification:_identify(lab4) by extension 'colcon_meta'
[1.086s] Level 1:colcon.colcon_core.package_identification:_identify(lab4) by extensions ['ros']
[1.086s] Level 1:colcon.colcon_core.package_identification:_identify(lab4) by extension 'ros'
[1.087s] DEBUG:colcon.colcon_core.package_identification:Package 'lab4' with type 'ros.ament_python' and name 'lab4'
[1.087s] Level 1:colcon.colcon_core.package_identification:_identify(lab4PD) by extensions ['ignore', 'ignore_ament_install']
[1.087s] Level 1:colcon.colcon_core.package_identification:_identify(lab4PD) by extension 'ignore'
[1.087s] Level 1:colcon.colcon_core.package_identification:_identify(lab4PD) by extension 'ignore_ament_install'
[1.087s] Level 1:colcon.colcon_core.package_identification:_identify(lab4PD) by extensions ['colcon_pkg']
[1.087s] Level 1:colcon.colcon_core.package_identification:_identify(lab4PD) by extension 'colcon_pkg'
[1.087s] Level 1:colcon.colcon_core.package_identification:_identify(lab4PD) by extensions ['colcon_meta']
[1.087s] Level 1:colcon.colcon_core.package_identification:_identify(lab4PD) by extension 'colcon_meta'
[1.087s] Level 1:colcon.colcon_core.package_identification:_identify(lab4PD) by extensions ['ros']
[1.087s] Level 1:colcon.colcon_core.package_identification:_identify(lab4PD) by extension 'ros'
[1.088s] DEBUG:colcon.colcon_core.package_identification:Package 'lab4PD' with type 'ros.ament_python' and name 'lab4PD'
[1.088s] Level 1:colcon.colcon_core.package_identification:_identify(lab5) by extensions ['ignore', 'ignore_ament_install']
[1.088s] Level 1:colcon.colcon_core.package_identification:_identify(lab5) by extension 'ignore'
[1.088s] Level 1:colcon.colcon_core.package_identification:_identify(lab5) by extension 'ignore_ament_install'
[1.088s] Level 1:colcon.colcon_core.package_identification:_identify(lab5) by extensions ['colcon_pkg']
[1.088s] Level 1:colcon.colcon_core.package_identification:_identify(lab5) by extension 'colcon_pkg'
[1.088s] Level 1:colcon.colcon_core.package_identification:_identify(lab5) by extensions ['colcon_meta']
[1.088s] Level 1:colcon.colcon_core.package_identification:_identify(lab5) by extension 'colcon_meta'
[1.088s] Level 1:colcon.colcon_core.package_identification:_identify(lab5) by extensions ['ros']
[1.088s] Level 1:colcon.colcon_core.package_identification:_identify(lab5) by extension 'ros'
[1.088s] Level 1:colcon.colcon_core.package_identification:_identify(lab5) by extensions ['cmake', 'python']
[1.088s] Level 1:colcon.colcon_core.package_identification:_identify(lab5) by extension 'cmake'
[1.089s] Level 1:colcon.colcon_core.package_identification:_identify(lab5) by extension 'python'
[1.089s] Level 1:colcon.colcon_core.package_identification:_identify(lab5) by extensions ['python_setup_py']
[1.089s] Level 1:colcon.colcon_core.package_identification:_identify(lab5) by extension 'python_setup_py'
[1.089s] Level 1:colcon.colcon_core.package_identification:_identify(lab5PD) by extensions ['ignore', 'ignore_ament_install']
[1.089s] Level 1:colcon.colcon_core.package_identification:_identify(lab5PD) by extension 'ignore'
[1.089s] Level 1:colcon.colcon_core.package_identification:_identify(lab5PD) by extension 'ignore_ament_install'
[1.089s] Level 1:colcon.colcon_core.package_identification:_identify(lab5PD) by extensions ['colcon_pkg']
[1.089s] Level 1:colcon.colcon_core.package_identification:_identify(lab5PD) by extension 'colcon_pkg'
[1.089s] Level 1:colcon.colcon_core.package_identification:_identify(lab5PD) by extensions ['colcon_meta']
[1.089s] Level 1:colcon.colcon_core.package_identification:_identify(lab5PD) by extension 'colcon_meta'
[1.089s] Level 1:colcon.colcon_core.package_identification:_identify(lab5PD) by extensions ['ros']
[1.089s] Level 1:colcon.colcon_core.package_identification:_identify(lab5PD) by extension 'ros'
[1.089s] Level 1:colcon.colcon_core.package_identification:_identify(lab5PD) by extensions ['cmake', 'python']
[1.089s] Level 1:colcon.colcon_core.package_identification:_identify(lab5PD) by extension 'cmake'
[1.089s] Level 1:colcon.colcon_core.package_identification:_identify(lab5PD) by extension 'python'
[1.089s] Level 1:colcon.colcon_core.package_identification:_identify(lab5PD) by extensions ['python_setup_py']
[1.089s] Level 1:colcon.colcon_core.package_identification:_identify(lab5PD) by extension 'python_setup_py'
[1.089s] Level 1:colcon.colcon_core.package_identification:_identify(lab6PD) by extensions ['ignore', 'ignore_ament_install']
[1.090s] Level 1:colcon.colcon_core.package_identification:_identify(lab6PD) by extension 'ignore'
[1.090s] Level 1:colcon.colcon_core.package_identification:_identify(lab6PD) by extension 'ignore_ament_install'
[1.090s] Level 1:colcon.colcon_core.package_identification:_identify(lab6PD) by extensions ['colcon_pkg']
[1.090s] Level 1:colcon.colcon_core.package_identification:_identify(lab6PD) by extension 'colcon_pkg'
[1.090s] Level 1:colcon.colcon_core.package_identification:_identify(lab6PD) by extensions ['colcon_meta']
[1.090s] Level 1:colcon.colcon_core.package_identification:_identify(lab6PD) by extension 'colcon_meta'
[1.090s] Level 1:colcon.colcon_core.package_identification:_identify(lab6PD) by extensions ['ros']
[1.090s] Level 1:colcon.colcon_core.package_identification:_identify(lab6PD) by extension 'ros'
[1.090s] DEBUG:colcon.colcon_core.package_identification:Package 'lab6PD' with type 'ros.ament_python' and name 'lab6PD'
[1.090s] Level 1:colcon.colcon_core.package_identification:_identify(log) by extensions ['ignore', 'ignore_ament_install']
[1.090s] Level 1:colcon.colcon_core.package_identification:_identify(log) by extension 'ignore'
[1.091s] Level 1:colcon.colcon_core.package_identification:_identify(log) ignored
[1.091s] Level 1:colcon.colcon_core.package_identification:_identify(urdf_launch) by extensions ['ignore', 'ignore_ament_install']
[1.091s] Level 1:colcon.colcon_core.package_identification:_identify(urdf_launch) by extension 'ignore'
[1.091s] Level 1:colcon.colcon_core.package_identification:_identify(urdf_launch) by extension 'ignore_ament_install'
[1.091s] Level 1:colcon.colcon_core.package_identification:_identify(urdf_launch) by extensions ['colcon_pkg']
[1.091s] Level 1:colcon.colcon_core.package_identification:_identify(urdf_launch) by extension 'colcon_pkg'
[1.091s] Level 1:colcon.colcon_core.package_identification:_identify(urdf_launch) by extensions ['colcon_meta']
[1.091s] Level 1:colcon.colcon_core.package_identification:_identify(urdf_launch) by extension 'colcon_meta'
[1.091s] Level 1:colcon.colcon_core.package_identification:_identify(urdf_launch) by extensions ['ros']
[1.091s] Level 1:colcon.colcon_core.package_identification:_identify(urdf_launch) by extension 'ros'
[1.091s] Level 1:colcon.colcon_core.package_identification:_identify(urdf_launch) by extensions ['cmake', 'python']
[1.091s] Level 1:colcon.colcon_core.package_identification:_identify(urdf_launch) by extension 'cmake'
[1.091s] Level 1:colcon.colcon_core.package_identification:_identify(urdf_launch) by extension 'python'
[1.091s] Level 1:colcon.colcon_core.package_identification:_identify(urdf_launch) by extensions ['python_setup_py']
[1.091s] Level 1:colcon.colcon_core.package_identification:_identify(urdf_launch) by extension 'python_setup_py'
[1.091s] Level 1:colcon.colcon_core.package_identification:_identify(urdf_launch/urdf_launch) by extensions ['ignore', 'ignore_ament_install']
[1.092s] Level 1:colcon.colcon_core.package_identification:_identify(urdf_launch/urdf_launch) by extension 'ignore'
[1.092s] Level 1:colcon.colcon_core.package_identification:_identify(urdf_launch/urdf_launch) by extension 'ignore_ament_install'
[1.092s] Level 1:colcon.colcon_core.package_identification:_identify(urdf_launch/urdf_launch) by extensions ['colcon_pkg']
[1.092s] Level 1:colcon.colcon_core.package_identification:_identify(urdf_launch/urdf_launch) by extension 'colcon_pkg'
[1.092s] Level 1:colcon.colcon_core.package_identification:_identify(urdf_launch/urdf_launch) by extensions ['colcon_meta']
[1.092s] Level 1:colcon.colcon_core.package_identification:_identify(urdf_launch/urdf_launch) by extension 'colcon_meta'
[1.092s] Level 1:colcon.colcon_core.package_identification:_identify(urdf_launch/urdf_launch) by extensions ['ros']
[1.092s] Level 1:colcon.colcon_core.package_identification:_identify(urdf_launch/urdf_launch) by extension 'ros'
[1.092s] DEBUG:colcon.colcon_core.package_identification:Package 'urdf_launch/urdf_launch' with type 'ros.ament_cmake' and name 'urdf_launch'
[1.093s] Level 1:colcon.colcon_core.package_identification:_identify(urdf_tutorial) by extensions ['ignore', 'ignore_ament_install']
[1.093s] Level 1:colcon.colcon_core.package_identification:_identify(urdf_tutorial) by extension 'ignore'
[1.093s] Level 1:colcon.colcon_core.package_identification:_identify(urdf_tutorial) by extension 'ignore_ament_install'
[1.093s] Level 1:colcon.colcon_core.package_identification:_identify(urdf_tutorial) by extensions ['colcon_pkg']
[1.093s] Level 1:colcon.colcon_core.package_identification:_identify(urdf_tutorial) by extension 'colcon_pkg'
[1.093s] Level 1:colcon.colcon_core.package_identification:_identify(urdf_tutorial) by extensions ['colcon_meta']
[1.093s] Level 1:colcon.colcon_core.package_identification:_identify(urdf_tutorial) by extension 'colcon_meta'
[1.093s] Level 1:colcon.colcon_core.package_identification:_identify(urdf_tutorial) by extensions ['ros']
[1.093s] Level 1:colcon.colcon_core.package_identification:_identify(urdf_tutorial) by extension 'ros'
[1.093s] DEBUG:colcon.colcon_core.package_identification:Package 'urdf_tutorial' with type 'ros.ament_cmake' and name 'urdf_tutorial'
[1.094s] Level 1:colcon.colcon_core.package_discovery:discover_packages(recursive) using defaults
[1.094s] Level 1:colcon.colcon_core.package_discovery:discover_packages(ignore) discover
[1.094s] Level 1:colcon.colcon_core.package_discovery:discover_packages(ignore) using defaults
[1.094s] Level 1:colcon.colcon_core.package_discovery:discover_packages(path) discover
[1.094s] Level 1:colcon.colcon_core.package_discovery:discover_packages(path) using defaults
[1.189s] Level 1:colcon.colcon_core.package_discovery:discover_packages(prefix_path) check parameters
[1.189s] Level 1:colcon.colcon_core.package_discovery:discover_packages(prefix_path) discover
[1.220s] DEBUG:colcon.colcon_installed_package_information.package_discovery:Found 10 installed packages in /home/student/anro_ws/install
[1.235s] DEBUG:colcon.colcon_installed_package_information.package_discovery:Found 9 installed packages in /opt/dobot_anro_system/install
[1.251s] DEBUG:colcon.colcon_installed_package_information.package_discovery:Found 280 installed packages in /opt/ros/humble
[1.252s] Level 1:colcon.colcon_core.package_discovery:discover_packages(prefix_path) using defaults
[1.347s] Level 5:colcon.colcon_core.verb:set package 'ForwardKin' build argument 'cmake_args' from command line to 'None'
[1.347s] Level 5:colcon.colcon_core.verb:set package 'ForwardKin' build argument 'cmake_target' from command line to 'None'
[1.347s] Level 5:colcon.colcon_core.verb:set package 'ForwardKin' build argument 'cmake_target_skip_unavailable' from command line to 'False'
[1.347s] Level 5:colcon.colcon_core.verb:set package 'ForwardKin' build argument 'cmake_clean_cache' from command line to 'False'
[1.347s] Level 5:colcon.colcon_core.verb:set package 'ForwardKin' build argument 'cmake_clean_first' from command line to 'False'
[1.347s] Level 5:colcon.colcon_core.verb:set package 'ForwardKin' build argument 'cmake_force_configure' from command line to 'False'
[1.347s] Level 5:colcon.colcon_core.verb:set package 'ForwardKin' build argument 'ament_cmake_args' from command line to 'None'
[1.347s] Level 5:colcon.colcon_core.verb:set package 'ForwardKin' build argument 'catkin_cmake_args' from command line to 'None'
[1.347s] Level 5:colcon.colcon_core.verb:set package 'ForwardKin' build argument 'catkin_skip_building_tests' from command line to 'False'
[1.347s] DEBUG:colcon.colcon_core.verb:Building package 'ForwardKin' with the following arguments: {'ament_cmake_args': None, 'build_base': '/home/student/anro_ws/src/build/ForwardKin', 'catkin_cmake_args': None, 'catkin_skip_building_tests': False, 'cmake_args': None, 'cmake_clean_cache': False, 'cmake_clean_first': False, 'cmake_force_configure': False, 'cmake_target': None, 'cmake_target_skip_unavailable': False, 'install_base': '/home/student/anro_ws/src/install/ForwardKin', 'merge_install': False, 'path': '/home/student/anro_ws/src/ForwardKin', 'symlink_install': False, 'test_result_base': None}
[1.362s] Level 5:colcon.colcon_core.verb:set package 'lab2' build argument 'cmake_args' from command line to 'None'
[1.362s] Level 5:colcon.colcon_core.verb:set package 'lab2' build argument 'cmake_target' from command line to 'None'
[1.362s] Level 5:colcon.colcon_core.verb:set package 'lab2' build argument 'cmake_target_skip_unavailable' from command line to 'False'
[1.362s] Level 5:colcon.colcon_core.verb:set package 'lab2' build argument 'cmake_clean_cache' from command line to 'False'
[1.362s] Level 5:colcon.colcon_core.verb:set package 'lab2' build argument 'cmake_clean_first' from command line to 'False'
[1.362s] Level 5:colcon.colcon_core.verb:set package 'lab2' build argument 'cmake_force_configure' from command line to 'False'
[1.362s] Level 5:colcon.colcon_core.verb:set package 'lab2' build argument 'ament_cmake_args' from command line to 'None'
[1.362s] Level 5:colcon.colcon_core.verb:set package 'lab2' build argument 'catkin_cmake_args' from command line to 'None'
[1.362s] Level 5:colcon.colcon_core.verb:set package 'lab2' build argument 'catkin_skip_building_tests' from command line to 'False'
[1.362s] DEBUG:colcon.colcon_core.verb:Building package 'lab2' with the following arguments: {'ament_cmake_args': None, 'build_base': '/home/student/anro_ws/src/build/lab2', 'catkin_cmake_args': None, 'catkin_skip_building_tests': False, 'cmake_args': None, 'cmake_clean_cache': False, 'cmake_clean_first': False, 'cmake_force_configure': False, 'cmake_target': None, 'cmake_target_skip_unavailable': False, 'install_base': '/home/student/anro_ws/src/install/lab2', 'merge_install': False, 'path': '/home/student/anro_ws/src/lab2', 'symlink_install': False, 'test_result_base': None}
[1.377s] Level 5:colcon.colcon_core.verb:set package 'lab2PD' build argument 'cmake_args' from command line to 'None'
[1.377s] Level 5:colcon.colcon_core.verb:set package 'lab2PD' build argument 'cmake_target' from command line to 'None'
[1.377s] Level 5:colcon.colcon_core.verb:set package 'lab2PD' build argument 'cmake_target_skip_unavailable' from command line to 'False'
[1.377s] Level 5:colcon.colcon_core.verb:set package 'lab2PD' build argument 'cmake_clean_cache' from command line to 'False'
[1.377s] Level 5:colcon.colcon_core.verb:set package 'lab2PD' build argument 'cmake_clean_first' from command line to 'False'
[1.377s] Level 5:colcon.colcon_core.verb:set package 'lab2PD' build argument 'cmake_force_configure' from command line to 'False'
[1.377s] Level 5:colcon.colcon_core.verb:set package 'lab2PD' build argument 'ament_cmake_args' from command line to 'None'
[1.377s] Level 5:colcon.colcon_core.verb:set package 'lab2PD' build argument 'catkin_cmake_args' from command line to 'None'
[1.377s] Level 5:colcon.colcon_core.verb:set package 'lab2PD' build argument 'catkin_skip_building_tests' from command line to 'False'
[1.377s] DEBUG:colcon.colcon_core.verb:Building package 'lab2PD' with the following arguments: {'ament_cmake_args': None, 'build_base': '/home/student/anro_ws/src/build/lab2PD', 'catkin_cmake_args': None, 'catkin_skip_building_tests': False, 'cmake_args': None, 'cmake_clean_cache': False, 'cmake_clean_first': False, 'cmake_force_configure': False, 'cmake_target': None, 'cmake_target_skip_unavailable': False, 'install_base': '/home/student/anro_ws/src/install/lab2PD', 'merge_install': False, 'path': '/home/student/anro_ws/src/lab2PD', 'symlink_install': False, 'test_result_base': None}
[1.392s] Level 5:colcon.colcon_core.verb:set package 'lab3' build argument 'cmake_args' from command line to 'None'
[1.393s] Level 5:colcon.colcon_core.verb:set package 'lab3' build argument 'cmake_target' from command line to 'None'
[1.393s] Level 5:colcon.colcon_core.verb:set package 'lab3' build argument 'cmake_target_skip_unavailable' from command line to 'False'
[1.393s] Level 5:colcon.colcon_core.verb:set package 'lab3' build argument 'cmake_clean_cache' from command line to 'False'
[1.393s] Level 5:colcon.colcon_core.verb:set package 'lab3' build argument 'cmake_clean_first' from command line to 'False'
[1.393s] Level 5:colcon.colcon_core.verb:set package 'lab3' build argument 'cmake_force_configure' from command line to 'False'
[1.393s] Level 5:colcon.colcon_core.verb:set package 'lab3' build argument 'ament_cmake_args' from command line to 'None'
[1.393s] Level 5:colcon.colcon_core.verb:set package 'lab3' build argument 'catkin_cmake_args' from command line to 'None'
[1.393s] Level 5:colcon.colcon_core.verb:set package 'lab3' build argument 'catkin_skip_building_tests' from command line to 'False'
[1.393s] DEBUG:colcon.colcon_core.verb:Building package 'lab3' with the following arguments: {'ament_cmake_args': None, 'build_base': '/home/student/anro_ws/src/build/lab3', 'catkin_cmake_args': None, 'catkin_skip_building_tests': False, 'cmake_args': None, 'cmake_clean_cache': False, 'cmake_clean_first': False, 'cmake_force_configure': False, 'cmake_target': None, 'cmake_target_skip_unavailable': False, 'install_base': '/home/student/anro_ws/src/install/lab3', 'merge_install': False, 'path': '/home/student/anro_ws/src/lab3', 'symlink_install': False, 'test_result_base': None}
[1.407s] Level 5:colcon.colcon_core.verb:set package 'lab3PD' build argument 'cmake_args' from command line to 'None'
[1.407s] Level 5:colcon.colcon_core.verb:set package 'lab3PD' build argument 'cmake_target' from command line to 'None'
[1.408s] Level 5:colcon.colcon_core.verb:set package 'lab3PD' build argument 'cmake_target_skip_unavailable' from command line to 'False'
[1.408s] Level 5:colcon.colcon_core.verb:set package 'lab3PD' build argument 'cmake_clean_cache' from command line to 'False'
[1.408s] Level 5:colcon.colcon_core.verb:set package 'lab3PD' build argument 'cmake_clean_first' from command line to 'False'
[1.408s] Level 5:colcon.colcon_core.verb:set package 'lab3PD' build argument 'cmake_force_configure' from command line to 'False'
[1.408s] Level 5:colcon.colcon_core.verb:set package 'lab3PD' build argument 'ament_cmake_args' from command line to 'None'
[1.408s] Level 5:colcon.colcon_core.verb:set package 'lab3PD' build argument 'catkin_cmake_args' from command line to 'None'
[1.408s] Level 5:colcon.colcon_core.verb:set package 'lab3PD' build argument 'catkin_skip_building_tests' from command line to 'False'
[1.408s] DEBUG:colcon.colcon_core.verb:Building package 'lab3PD' with the following arguments: {'ament_cmake_args': None, 'build_base': '/home/student/anro_ws/src/build/lab3PD', 'catkin_cmake_args': None, 'catkin_skip_building_tests': False, 'cmake_args': None, 'cmake_clean_cache': False, 'cmake_clean_first': False, 'cmake_force_configure': False, 'cmake_target': None, 'cmake_target_skip_unavailable': False, 'install_base': '/home/student/anro_ws/src/install/lab3PD', 'merge_install': False, 'path': '/home/student/anro_ws/src/lab3PD', 'symlink_install': False, 'test_result_base': None}
[1.422s] Level 5:colcon.colcon_core.verb:set package 'lab4' build argument 'cmake_args' from command line to 'None'
[1.422s] Level 5:colcon.colcon_core.verb:set package 'lab4' build argument 'cmake_target' from command line to 'None'
[1.422s] Level 5:colcon.colcon_core.verb:set package 'lab4' build argument 'cmake_target_skip_unavailable' from command line to 'False'
[1.422s] Level 5:colcon.colcon_core.verb:set package 'lab4' build argument 'cmake_clean_cache' from command line to 'False'
[1.422s] Level 5:colcon.colcon_core.verb:set package 'lab4' build argument 'cmake_clean_first' from command line to 'False'
[1.422s] Level 5:colcon.colcon_core.verb:set package 'lab4' build argument 'cmake_force_configure' from command line to 'False'
[1.422s] Level 5:colcon.colcon_core.verb:set package 'lab4' build argument 'ament_cmake_args' from command line to 'None'
[1.422s] Level 5:colcon.colcon_core.verb:set package 'lab4' build argument 'catkin_cmake_args' from command line to 'None'
[1.422s] Level 5:colcon.colcon_core.verb:set package 'lab4' build argument 'catkin_skip_building_tests' from command line to 'False'
[1.422s] DEBUG:colcon.colcon_core.verb:Building package 'lab4' with the following arguments: {'ament_cmake_args': None, 'build_base': '/home/student/anro_ws/src/build/lab4', 'catkin_cmake_args': None, 'catkin_skip_building_tests': False, 'cmake_args': None, 'cmake_clean_cache': False, 'cmake_clean_first': False, 'cmake_force_configure': False, 'cmake_target': None, 'cmake_target_skip_unavailable': False, 'install_base': '/home/student/anro_ws/src/install/lab4', 'merge_install': False, 'path': '/home/student/anro_ws/src/lab4', 'symlink_install': False, 'test_result_base': None}
[1.437s] Level 5:colcon.colcon_core.verb:set package 'lab4PD' build argument 'cmake_args' from command line to 'None'
[1.437s] Level 5:colcon.colcon_core.verb:set package 'lab4PD' build argument 'cmake_target' from command line to 'None'
[1.437s] Level 5:colcon.colcon_core.verb:set package 'lab4PD' build argument 'cmake_target_skip_unavailable' from command line to 'False'
[1.437s] Level 5:colcon.colcon_core.verb:set package 'lab4PD' build argument 'cmake_clean_cache' from command line to 'False'
[1.437s] Level 5:colcon.colcon_core.verb:set package 'lab4PD' build argument 'cmake_clean_first' from command line to 'False'
[1.437s] Level 5:colcon.colcon_core.verb:set package 'lab4PD' build argument 'cmake_force_configure' from command line to 'False'
[1.437s] Level 5:colcon.colcon_core.verb:set package 'lab4PD' build argument 'ament_cmake_args' from command line to 'None'
[1.437s] Level 5:colcon.colcon_core.verb:set package 'lab4PD' build argument 'catkin_cmake_args' from command line to 'None'
[1.437s] Level 5:colcon.colcon_core.verb:set package 'lab4PD' build argument 'catkin_skip_building_tests' from command line to 'False'
[1.437s] DEBUG:colcon.colcon_core.verb:Building package 'lab4PD' with the following arguments: {'ament_cmake_args': None, 'build_base': '/home/student/anro_ws/src/build/lab4PD', 'catkin_cmake_args': None, 'catkin_skip_building_tests': False, 'cmake_args': None, 'cmake_clean_cache': False, 'cmake_clean_first': False, 'cmake_force_configure': False, 'cmake_target': None, 'cmake_target_skip_unavailable': False, 'install_base': '/home/student/anro_ws/src/install/lab4PD', 'merge_install': False, 'path': '/home/student/anro_ws/src/lab4PD', 'symlink_install': False, 'test_result_base': None}
[1.452s] Level 5:colcon.colcon_core.verb:set package 'lab6PD' build argument 'cmake_args' from command line to 'None'
[1.452s] Level 5:colcon.colcon_core.verb:set package 'lab6PD' build argument 'cmake_target' from command line to 'None'
[1.452s] Level 5:colcon.colcon_core.verb:set package 'lab6PD' build argument 'cmake_target_skip_unavailable' from command line to 'False'
[1.452s] Level 5:colcon.colcon_core.verb:set package 'lab6PD' build argument 'cmake_clean_cache' from command line to 'False'
[1.452s] Level 5:colcon.colcon_core.verb:set package 'lab6PD' build argument 'cmake_clean_first' from command line to 'False'
[1.452s] Level 5:colcon.colcon_core.verb:set package 'lab6PD' build argument 'cmake_force_configure' from command line to 'False'
[1.452s] Level 5:colcon.colcon_core.verb:set package 'lab6PD' build argument 'ament_cmake_args' from command line to 'None'
[1.452s] Level 5:colcon.colcon_core.verb:set package 'lab6PD' build argument 'catkin_cmake_args' from command line to 'None'
[1.452s] Level 5:colcon.colcon_core.verb:set package 'lab6PD' build argument 'catkin_skip_building_tests' from command line to 'False'
[1.452s] DEBUG:colcon.colcon_core.verb:Building package 'lab6PD' with the following arguments: {'ament_cmake_args': None, 'build_base': '/home/student/anro_ws/src/build/lab6PD', 'catkin_cmake_args': None, 'catkin_skip_building_tests': False, 'cmake_args': None, 'cmake_clean_cache': False, 'cmake_clean_first': False, 'cmake_force_configure': False, 'cmake_target': None, 'cmake_target_skip_unavailable': False, 'install_base': '/home/student/anro_ws/src/install/lab6PD', 'merge_install': False, 'path': '/home/student/anro_ws/src/lab6PD', 'symlink_install': False, 'test_result_base': None}
[1.467s] Level 5:colcon.colcon_core.verb:set package 'urdf_launch' build argument 'cmake_args' from command line to 'None'
[1.467s] Level 5:colcon.colcon_core.verb:set package 'urdf_launch' build argument 'cmake_target' from command line to 'None'
[1.467s] Level 5:colcon.colcon_core.verb:set package 'urdf_launch' build argument 'cmake_target_skip_unavailable' from command line to 'False'
[1.467s] Level 5:colcon.colcon_core.verb:set package 'urdf_launch' build argument 'cmake_clean_cache' from command line to 'False'
[1.467s] Level 5:colcon.colcon_core.verb:set package 'urdf_launch' build argument 'cmake_clean_first' from command line to 'False'
[1.467s] Level 5:colcon.colcon_core.verb:set package 'urdf_launch' build argument 'cmake_force_configure' from command line to 'False'
[1.467s] Level 5:colcon.colcon_core.verb:set package 'urdf_launch' build argument 'ament_cmake_args' from command line to 'None'
[1.467s] Level 5:colcon.colcon_core.verb:set package 'urdf_launch' build argument 'catkin_cmake_args' from command line to 'None'
[1.467s] Level 5:colcon.colcon_core.verb:set package 'urdf_launch' build argument 'catkin_skip_building_tests' from command line to 'False'
[1.467s] DEBUG:colcon.colcon_core.verb:Building package 'urdf_launch' with the following arguments: {'ament_cmake_args': None, 'build_base': '/home/student/anro_ws/src/build/urdf_launch', 'catkin_cmake_args': None, 'catkin_skip_building_tests': False, 'cmake_args': None, 'cmake_clean_cache': False, 'cmake_clean_first': False, 'cmake_force_configure': False, 'cmake_target': None, 'cmake_target_skip_unavailable': False, 'install_base': '/home/student/anro_ws/src/install/urdf_launch', 'merge_install': False, 'path': '/home/student/anro_ws/src/urdf_launch/urdf_launch', 'symlink_install': False, 'test_result_base': None}
[1.482s] Level 5:colcon.colcon_core.verb:set package 'urdf_tutorial' build argument 'cmake_args' from command line to 'None'
[1.482s] Level 5:colcon.colcon_core.verb:set package 'urdf_tutorial' build argument 'cmake_target' from command line to 'None'
[1.482s] Level 5:colcon.colcon_core.verb:set package 'urdf_tutorial' build argument 'cmake_target_skip_unavailable' from command line to 'False'
[1.482s] Level 5:colcon.colcon_core.verb:set package 'urdf_tutorial' build argument 'cmake_clean_cache' from command line to 'False'
[1.482s] Level 5:colcon.colcon_core.verb:set package 'urdf_tutorial' build argument 'cmake_clean_first' from command line to 'False'
[1.482s] Level 5:colcon.colcon_core.verb:set package 'urdf_tutorial' build argument 'cmake_force_configure' from command line to 'False'
[1.482s] Level 5:colcon.colcon_core.verb:set package 'urdf_tutorial' build argument 'ament_cmake_args' from command line to 'None'
[1.482s] Level 5:colcon.colcon_core.verb:set package 'urdf_tutorial' build argument 'catkin_cmake_args' from command line to 'None'
[1.482s] Level 5:colcon.colcon_core.verb:set package 'urdf_tutorial' build argument 'catkin_skip_building_tests' from command line to 'False'
[1.482s] DEBUG:colcon.colcon_core.verb:Building package 'urdf_tutorial' with the following arguments: {'ament_cmake_args': None, 'build_base': '/home/student/anro_ws/src/build/urdf_tutorial', 'catkin_cmake_args': None, 'catkin_skip_building_tests': False, 'cmake_args': None, 'cmake_clean_cache': False, 'cmake_clean_first': False, 'cmake_force_configure': False, 'cmake_target': None, 'cmake_target_skip_unavailable': False, 'install_base': '/home/student/anro_ws/src/install/urdf_tutorial', 'merge_install': False, 'path': '/home/student/anro_ws/src/urdf_tutorial', 'symlink_install': False, 'test_result_base': None}
[1.496s] INFO:colcon.colcon_core.executor:Executing jobs using 'parallel' executor
[1.511s] DEBUG:colcon.colcon_parallel_executor.executor.parallel:run_until_complete
[1.512s] INFO:colcon.colcon_ros.task.ament_cmake.build:Building ROS package in '/home/student/anro_ws/src/urdf_launch/urdf_launch' with build type 'ament_cmake'
[1.512s] INFO:colcon.colcon_cmake.task.cmake.build:Building CMake package in '/home/student/anro_ws/src/urdf_launch/urdf_launch'
[1.529s] INFO:colcon.colcon_core.plugin_system:Skipping extension 'colcon_core.shell.bat': Not used on non-Windows systems
[1.529s] INFO:colcon.colcon_core.shell:Skip shell extension 'powershell' for command environment: Not usable outside of PowerShell
[1.529s] DEBUG:colcon.colcon_core.shell:Skip shell extension 'dsv' for command environment
[1.608s] INFO:colcon.colcon_ros.task.ament_python.build:Building ROS package in '/home/student/anro_ws/src/ForwardKin' with build type 'ament_python'
[1.608s] Level 1:colcon.colcon_core.shell:create_environment_hook('ForwardKin', 'ament_prefix_path')
[1.624s] INFO:colcon.colcon_core.shell:Creating environment hook '/home/student/anro_ws/src/install/ForwardKin/share/ForwardKin/hook/ament_prefix_path.ps1'
[1.625s] INFO:colcon.colcon_core.shell:Creating environment descriptor '/home/student/anro_ws/src/install/ForwardKin/share/ForwardKin/hook/ament_prefix_path.dsv'
[1.626s] INFO:colcon.colcon_core.shell:Creating environment hook '/home/student/anro_ws/src/install/ForwardKin/share/ForwardKin/hook/ament_prefix_path.sh'
[1.643s] INFO:colcon.colcon_core.shell:Skip shell extension 'powershell' for command environment: Not usable outside of PowerShell
[1.643s] DEBUG:colcon.colcon_core.shell:Skip shell extension 'dsv' for command environment
[1.706s] INFO:colcon.colcon_ros.task.ament_python.build:Building ROS package in '/home/student/anro_ws/src/lab2' with build type 'ament_python'
[1.707s] Level 1:colcon.colcon_core.shell:create_environment_hook('lab2', 'ament_prefix_path')
[1.723s] INFO:colcon.colcon_core.shell:Creating environment hook '/home/student/anro_ws/src/install/lab2/share/lab2/hook/ament_prefix_path.ps1'
[1.723s] INFO:colcon.colcon_core.shell:Creating environment descriptor '/home/student/anro_ws/src/install/lab2/share/lab2/hook/ament_prefix_path.dsv'
[1.724s] INFO:colcon.colcon_core.shell:Creating environment hook '/home/student/anro_ws/src/install/lab2/share/lab2/hook/ament_prefix_path.sh'
[1.739s] INFO:colcon.colcon_core.shell:Skip shell extension 'powershell' for command environment: Not usable outside of PowerShell
[1.739s] DEBUG:colcon.colcon_core.shell:Skip shell extension 'dsv' for command environment
[1.803s] INFO:colcon.colcon_ros.task.ament_python.build:Building ROS package in '/home/student/anro_ws/src/lab2PD' with build type 'ament_python'
[1.803s] Level 1:colcon.colcon_core.shell:create_environment_hook('lab2PD', 'ament_prefix_path')
[1.819s] INFO:colcon.colcon_core.shell:Creating environment hook '/home/student/anro_ws/src/install/lab2PD/share/lab2PD/hook/ament_prefix_path.ps1'
[1.820s] INFO:colcon.colcon_core.shell:Creating environment descriptor '/home/student/anro_ws/src/install/lab2PD/share/lab2PD/hook/ament_prefix_path.dsv'
[1.820s] INFO:colcon.colcon_core.shell:Creating environment hook '/home/student/anro_ws/src/install/lab2PD/share/lab2PD/hook/ament_prefix_path.sh'
[1.836s] INFO:colcon.colcon_core.shell:Skip shell extension 'powershell' for command environment: Not usable outside of PowerShell
[1.836s] DEBUG:colcon.colcon_core.shell:Skip shell extension 'dsv' for command environment
[1.903s] DEBUG:colcon.colcon_core.event_handler.log_command:Invoking command in '/home/student/anro_ws/src/build/urdf_launch': CMAKE_PREFIX_PATH=${CMAKE_PREFIX_PATH}:/opt/dobot_anro_system/install/dobot_state_updater:/opt/dobot_anro_system/install/dobot_motion:/opt/dobot_anro_system/install/dobot_homing:/opt/dobot_anro_system/install/dobot_end_effector:/opt/dobot_anro_system/install/dobot_diagnostics:/opt/dobot_anro_system/install/dobot_control_panel:/opt/dobot_anro_system/install/dobot_bringup:/opt/ros/humble /usr/bin/cmake /home/student/anro_ws/src/urdf_launch/urdf_launch -DCMAKE_INSTALL_PREFIX=/home/student/anro_ws/src/install/urdf_launch
[2.184s] INFO:colcon.colcon_core.task.python.build:Building Python package in '/home/student/anro_ws/src/ForwardKin'
[2.199s] INFO:colcon.colcon_core.shell:Skip shell extension 'powershell' for command environment: Not usable outside of PowerShell
[2.199s] DEBUG:colcon.colcon_core.shell:Skip shell extension 'dsv' for command environment
[2.539s] INFO:colcon.colcon_core.task.python.build:Building Python package in '/home/student/anro_ws/src/lab2'
[2.555s] INFO:colcon.colcon_core.shell:Skip shell extension 'powershell' for command environment: Not usable outside of PowerShell
[2.555s] DEBUG:colcon.colcon_core.shell:Skip shell extension 'dsv' for command environment
[2.893s] INFO:colcon.colcon_core.task.python.build:Building Python package in '/home/student/anro_ws/src/lab2PD'
[2.909s] INFO:colcon.colcon_core.shell:Skip shell extension 'powershell' for command environment: Not usable outside of PowerShell
[2.909s] DEBUG:colcon.colcon_core.shell:Skip shell extension 'dsv' for command environment
[2.975s] DEBUG:colcon.colcon_core.event_handler.log_command:Invoked command in '/home/student/anro_ws/src/build/urdf_launch' returned '0': CMAKE_PREFIX_PATH=${CMAKE_PREFIX_PATH}:/opt/dobot_anro_system/install/dobot_state_updater:/opt/dobot_anro_system/install/dobot_motion:/opt/dobot_anro_system/install/dobot_homing:/opt/dobot_anro_system/install/dobot_end_effector:/opt/dobot_anro_system/install/dobot_diagnostics:/opt/dobot_anro_system/install/dobot_control_panel:/opt/dobot_anro_system/install/dobot_bringup:/opt/ros/humble /usr/bin/cmake /home/student/anro_ws/src/urdf_launch/urdf_launch -DCMAKE_INSTALL_PREFIX=/home/student/anro_ws/src/install/urdf_launch
[2.977s] DEBUG:colcon.colcon_core.event_handler.log_command:Invoking command in '/home/student/anro_ws/src/build/urdf_launch': CMAKE_PREFIX_PATH=${CMAKE_PREFIX_PATH}:/opt/dobot_anro_system/install/dobot_state_updater:/opt/dobot_anro_system/install/dobot_motion:/opt/dobot_anro_system/install/dobot_homing:/opt/dobot_anro_system/install/dobot_end_effector:/opt/dobot_anro_system/install/dobot_diagnostics:/opt/dobot_anro_system/install/dobot_control_panel:/opt/dobot_anro_system/install/dobot_bringup:/opt/ros/humble /usr/bin/cmake --build /home/student/anro_ws/src/build/urdf_launch -- -j4 -l4
[3.017s] DEBUG:colcon.colcon_core.event_handler.log_command:Invoked command in '/home/student/anro_ws/src/build/urdf_launch' returned '0': CMAKE_PREFIX_PATH=${CMAKE_PREFIX_PATH}:/opt/dobot_anro_system/install/dobot_state_updater:/opt/dobot_anro_system/install/dobot_motion:/opt/dobot_anro_system/install/dobot_homing:/opt/dobot_anro_system/install/dobot_end_effector:/opt/dobot_anro_system/install/dobot_diagnostics:/opt/dobot_anro_system/install/dobot_control_panel:/opt/dobot_anro_system/install/dobot_bringup:/opt/ros/humble /usr/bin/cmake --build /home/student/anro_ws/src/build/urdf_launch -- -j4 -l4
[3.055s] DEBUG:colcon.colcon_core.event_handler.log_command:Invoking command in '/home/student/anro_ws/src/build/urdf_launch': CMAKE_PREFIX_PATH=${CMAKE_PREFIX_PATH}:/opt/dobot_anro_system/install/dobot_state_updater:/opt/dobot_anro_system/install/dobot_motion:/opt/dobot_anro_system/install/dobot_homing:/opt/dobot_anro_system/install/dobot_end_effector:/opt/dobot_anro_system/install/dobot_diagnostics:/opt/dobot_anro_system/install/dobot_control_panel:/opt/dobot_anro_system/install/dobot_bringup:/opt/ros/humble /usr/bin/cmake --install /home/student/anro_ws/src/build/urdf_launch
[3.070s] Level 1:colcon.colcon_core.environment:create_environment_scripts_only(urdf_launch)
[3.081s] DEBUG:colcon.colcon_core.event_handler.log_command:Invoked command in '/home/student/anro_ws/src/build/urdf_launch' returned '0': CMAKE_PREFIX_PATH=${CMAKE_PREFIX_PATH}:/opt/dobot_anro_system/install/dobot_state_updater:/opt/dobot_anro_system/install/dobot_motion:/opt/dobot_anro_system/install/dobot_homing:/opt/dobot_anro_system/install/dobot_end_effector:/opt/dobot_anro_system/install/dobot_diagnostics:/opt/dobot_anro_system/install/dobot_control_panel:/opt/dobot_anro_system/install/dobot_bringup:/opt/ros/humble /usr/bin/cmake --install /home/student/anro_ws/src/build/urdf_launch
[3.091s] Level 1:colcon.colcon_core.environment:checking '/home/student/anro_ws/src/install/urdf_launch' for CMake module files
[3.091s] Level 1:colcon.colcon_core.environment:checking '/home/student/anro_ws/src/install/urdf_launch' for CMake config files
[3.092s] Level 1:colcon.colcon_core.shell:create_environment_hook('urdf_launch', 'cmake_prefix_path')
[3.108s] INFO:colcon.colcon_core.shell:Creating environment hook '/home/student/anro_ws/src/install/urdf_launch/share/urdf_launch/hook/cmake_prefix_path.ps1'
[3.109s] INFO:colcon.colcon_core.shell:Creating environment descriptor '/home/student/anro_ws/src/install/urdf_launch/share/urdf_launch/hook/cmake_prefix_path.dsv'
[3.109s] INFO:colcon.colcon_core.shell:Creating environment hook '/home/student/anro_ws/src/install/urdf_launch/share/urdf_launch/hook/cmake_prefix_path.sh'
[3.110s] Level 1:colcon.colcon_core.environment:checking '/home/student/anro_ws/src/install/urdf_launch/bin'
[3.110s] Level 1:colcon.colcon_core.environment:checking '/home/student/anro_ws/src/install/urdf_launch/lib/pkgconfig/urdf_launch.pc'
[3.110s] Level 1:colcon.colcon_core.environment:checking '/home/student/anro_ws/src/install/urdf_launch/lib/python3.10/site-packages'
[3.110s] Level 1:colcon.colcon_core.environment:checking '/home/student/anro_ws/src/install/urdf_launch/bin'
[3.127s] INFO:colcon.colcon_core.shell:Creating package script '/home/student/anro_ws/src/install/urdf_launch/share/urdf_launch/package.ps1'
[3.128s] INFO:colcon.colcon_core.shell:Creating package descriptor '/home/student/anro_ws/src/install/urdf_launch/share/urdf_launch/package.dsv'
[3.128s] INFO:colcon.colcon_core.shell:Creating package script '/home/student/anro_ws/src/install/urdf_launch/share/urdf_launch/package.sh'
[3.129s] INFO:colcon.colcon_core.shell:Creating package script '/home/student/anro_ws/src/install/urdf_launch/share/urdf_launch/package.bash'
[3.129s] INFO:colcon.colcon_core.shell:Creating package script '/home/student/anro_ws/src/install/urdf_launch/share/urdf_launch/package.zsh'
[3.130s] Level 1:colcon.colcon_core.environment:create_file_with_runtime_dependencies(/home/student/anro_ws/src/install/urdf_launch/share/colcon-core/packages/urdf_launch)
[3.173s] Level 1:colcon.colcon_core.environment:create_environment_scripts_only(urdf_launch)
[3.189s] Level 1:colcon.colcon_core.environment:checking '/home/student/anro_ws/src/install/urdf_launch' for CMake module files
[3.189s] Level 1:colcon.colcon_core.environment:checking '/home/student/anro_ws/src/install/urdf_launch' for CMake config files
[3.190s] Level 1:colcon.colcon_core.shell:create_environment_hook('urdf_launch', 'cmake_prefix_path')
[3.206s] INFO:colcon.colcon_core.shell:Creating environment hook '/home/student/anro_ws/src/install/urdf_launch/share/urdf_launch/hook/cmake_prefix_path.ps1'
[3.207s] INFO:colcon.colcon_core.shell:Creating environment descriptor '/home/student/anro_ws/src/install/urdf_launch/share/urdf_launch/hook/cmake_prefix_path.dsv'
[3.207s] INFO:colcon.colcon_core.shell:Creating environment hook '/home/student/anro_ws/src/install/urdf_launch/share/urdf_launch/hook/cmake_prefix_path.sh'
[3.207s] Level 1:colcon.colcon_core.environment:checking '/home/student/anro_ws/src/install/urdf_launch/bin'
[3.207s] Level 1:colcon.colcon_core.environment:checking '/home/student/anro_ws/src/install/urdf_launch/lib/pkgconfig/urdf_launch.pc'
[3.208s] Level 1:colcon.colcon_core.environment:checking '/home/student/anro_ws/src/install/urdf_launch/lib/python3.10/site-packages'
[3.208s] Level 1:colcon.colcon_core.environment:checking '/home/student/anro_ws/src/install/urdf_launch/bin'
[3.225s] INFO:colcon.colcon_core.shell:Creating package script '/home/student/anro_ws/src/install/urdf_launch/share/urdf_launch/package.ps1'
[3.226s] INFO:colcon.colcon_core.shell:Creating package descriptor '/home/student/anro_ws/src/install/urdf_launch/share/urdf_launch/package.dsv'
[3.226s] INFO:colcon.colcon_core.shell:Creating package script '/home/student/anro_ws/src/install/urdf_launch/share/urdf_launch/package.sh'
[3.227s] INFO:colcon.colcon_core.shell:Creating package script '/home/student/anro_ws/src/install/urdf_launch/share/urdf_launch/package.bash'
[3.227s] INFO:colcon.colcon_core.shell:Creating package script '/home/student/anro_ws/src/install/urdf_launch/share/urdf_launch/package.zsh'
[3.227s] Level 1:colcon.colcon_core.environment:create_file_with_runtime_dependencies(/home/student/anro_ws/src/install/urdf_launch/share/colcon-core/packages/urdf_launch)
[3.228s] INFO:colcon.colcon_ros.task.ament_python.build:Building ROS package in '/home/student/anro_ws/src/lab3' with build type 'ament_python'
[3.228s] Level 1:colcon.colcon_core.shell:create_environment_hook('lab3', 'ament_prefix_path')
[3.246s] INFO:colcon.colcon_core.shell:Creating environment hook '/home/student/anro_ws/src/install/lab3/share/lab3/hook/ament_prefix_path.ps1'
[3.246s] INFO:colcon.colcon_core.shell:Creating environment descriptor '/home/student/anro_ws/src/install/lab3/share/lab3/hook/ament_prefix_path.dsv'
[3.247s] INFO:colcon.colcon_core.shell:Creating environment hook '/home/student/anro_ws/src/install/lab3/share/lab3/hook/ament_prefix_path.sh'
[3.267s] INFO:colcon.colcon_core.shell:Skip shell extension 'powershell' for command environment: Not usable outside of PowerShell
[3.267s] DEBUG:colcon.colcon_core.shell:Skip shell extension 'dsv' for command environment
[3.648s] INFO:colcon.colcon_core.task.python.build:Building Python package in '/home/student/anro_ws/src/lab3'
[3.663s] INFO:colcon.colcon_core.shell:Skip shell extension 'powershell' for command environment: Not usable outside of PowerShell
[3.663s] DEBUG:colcon.colcon_core.shell:Skip shell extension 'dsv' for command environment
[3.729s] DEBUG:colcon.colcon_core.event_handler.log_command:Invoking command in '/home/student/anro_ws/src/ForwardKin': PYTHONPATH=/home/student/anro_ws/src/build/ForwardKin/prefix_override:/home/student/anro_ws/src/install/ForwardKin/lib/python3.10/site-packages:${PYTHONPATH} /usr/bin/python3 setup.py egg_info --egg-base ../build/ForwardKin build --build-base /home/student/anro_ws/src/build/ForwardKin/build install --record /home/student/anro_ws/src/build/ForwardKin/install.log --single-version-externally-managed
[3.730s] DEBUG:colcon.colcon_core.event_handler.log_command:Invoking command in '/home/student/anro_ws/src/lab2': PYTHONPATH=/home/student/anro_ws/src/build/lab2/prefix_override:/home/student/anro_ws/src/install/lab2/lib/python3.10/site-packages:${PYTHONPATH} /usr/bin/python3 setup.py egg_info --egg-base ../build/lab2 build --build-base /home/student/anro_ws/src/build/lab2/build install --record /home/student/anro_ws/src/build/lab2/install.log --single-version-externally-managed
[3.733s] DEBUG:colcon.colcon_core.event_handler.log_command:Invoking command in '/home/student/anro_ws/src/lab2PD': PYTHONPATH=/home/student/anro_ws/src/build/lab2PD/prefix_override:/home/student/anro_ws/src/install/lab2PD/lib/python3.10/site-packages:${PYTHONPATH} /usr/bin/python3 setup.py egg_info --egg-base ../build/lab2PD build --build-base /home/student/anro_ws/src/build/lab2PD/build install --record /home/student/anro_ws/src/build/lab2PD/install.log --single-version-externally-managed
[4.115s] DEBUG:colcon.colcon_core.event_handler.log_command:Invoked command in '/home/student/anro_ws/src/lab2PD' returned '0': PYTHONPATH=/home/student/anro_ws/src/build/lab2PD/prefix_override:/home/student/anro_ws/src/install/lab2PD/lib/python3.10/site-packages:${PYTHONPATH} /usr/bin/python3 setup.py egg_info --egg-base ../build/lab2PD build --build-base /home/student/anro_ws/src/build/lab2PD/build install --record /home/student/anro_ws/src/build/lab2PD/install.log --single-version-externally-managed
[4.128s] Level 1:colcon.colcon_core.environment:checking '/home/student/anro_ws/src/install/lab2PD' for CMake module files
[4.129s] Level 1:colcon.colcon_core.environment:checking '/home/student/anro_ws/src/install/lab2PD' for CMake config files
[4.129s] Level 1:colcon.colcon_core.environment:checking '/home/student/anro_ws/src/install/lab2PD/lib'
[4.129s] Level 1:colcon.colcon_core.environment:checking '/home/student/anro_ws/src/install/lab2PD/bin'
[4.130s] Level 1:colcon.colcon_core.environment:checking '/home/student/anro_ws/src/install/lab2PD/lib/pkgconfig/lab2PD.pc'
[4.130s] Level 1:colcon.colcon_core.environment:checking '/home/student/anro_ws/src/install/lab2PD/lib/python3.10/site-packages'
[4.130s] Level 1:colcon.colcon_core.shell:create_environment_hook('lab2PD', 'pythonpath')
[4.145s] INFO:colcon.colcon_core.shell:Creating environment hook '/home/student/anro_ws/src/install/lab2PD/share/lab2PD/hook/pythonpath.ps1'
[4.146s] INFO:colcon.colcon_core.shell:Creating environment descriptor '/home/student/anro_ws/src/install/lab2PD/share/lab2PD/hook/pythonpath.dsv'
[4.146s] INFO:colcon.colcon_core.shell:Creating environment hook '/home/student/anro_ws/src/install/lab2PD/share/lab2PD/hook/pythonpath.sh'
[4.147s] Level 1:colcon.colcon_core.environment:checking '/home/student/anro_ws/src/install/lab2PD/bin'
[4.147s] Level 1:colcon.colcon_core.environment:create_environment_scripts_only(lab2PD)
[4.163s] INFO:colcon.colcon_core.shell:Creating package script '/home/student/anro_ws/src/install/lab2PD/share/lab2PD/package.ps1'
[4.164s] INFO:colcon.colcon_core.shell:Creating package descriptor '/home/student/anro_ws/src/install/lab2PD/share/lab2PD/package.dsv'
[4.164s] INFO:colcon.colcon_core.shell:Creating package script '/home/student/anro_ws/src/install/lab2PD/share/lab2PD/package.sh'
[4.165s] INFO:colcon.colcon_core.shell:Creating package script '/home/student/anro_ws/src/install/lab2PD/share/lab2PD/package.bash'
[4.165s] INFO:colcon.colcon_core.shell:Creating package script '/home/student/anro_ws/src/install/lab2PD/share/lab2PD/package.zsh'
[4.165s] Level 1:colcon.colcon_core.environment:create_file_with_runtime_dependencies(/home/student/anro_ws/src/install/lab2PD/share/colcon-core/packages/lab2PD)
[4.166s] INFO:colcon.colcon_ros.task.ament_python.build:Building ROS package in '/home/student/anro_ws/src/lab3PD' with build type 'ament_python'
[4.166s] Level 1:colcon.colcon_core.shell:create_environment_hook('lab3PD', 'ament_prefix_path')
[4.183s] INFO:colcon.colcon_core.shell:Creating environment hook '/home/student/anro_ws/src/install/lab3PD/share/lab3PD/hook/ament_prefix_path.ps1'
[4.184s] INFO:colcon.colcon_core.shell:Creating environment descriptor '/home/student/anro_ws/src/install/lab3PD/share/lab3PD/hook/ament_prefix_path.dsv'
[4.184s] INFO:colcon.colcon_core.shell:Creating environment hook '/home/student/anro_ws/src/install/lab3PD/share/lab3PD/hook/ament_prefix_path.sh'
[4.199s] INFO:colcon.colcon_core.shell:Skip shell extension 'powershell' for command environment: Not usable outside of PowerShell
[4.199s] DEBUG:colcon.colcon_core.shell:Skip shell extension 'dsv' for command environment
[4.265s] DEBUG:colcon.colcon_core.event_handler.log_command:Invoked command in '/home/student/anro_ws/src/ForwardKin' returned '0': PYTHONPATH=/home/student/anro_ws/src/build/ForwardKin/prefix_override:/home/student/anro_ws/src/install/ForwardKin/lib/python3.10/site-packages:${PYTHONPATH} /usr/bin/python3 setup.py egg_info --egg-base ../build/ForwardKin build --build-base /home/student/anro_ws/src/build/ForwardKin/build install --record /home/student/anro_ws/src/build/ForwardKin/install.log --single-version-externally-managed
[4.280s] Level 1:colcon.colcon_core.environment:checking '/home/student/anro_ws/src/install/ForwardKin' for CMake module files
[4.280s] Level 1:colcon.colcon_core.environment:checking '/home/student/anro_ws/src/install/ForwardKin' for CMake config files
[4.281s] Level 1:colcon.colcon_core.environment:checking '/home/student/anro_ws/src/install/ForwardKin/lib'
[4.281s] Level 1:colcon.colcon_core.environment:checking '/home/student/anro_ws/src/install/ForwardKin/bin'
[4.281s] Level 1:colcon.colcon_core.environment:checking '/home/student/anro_ws/src/install/ForwardKin/lib/pkgconfig/ForwardKin.pc'
[4.281s] Level 1:colcon.colcon_core.environment:checking '/home/student/anro_ws/src/install/ForwardKin/lib/python3.10/site-packages'
[4.281s] Level 1:colcon.colcon_core.shell:create_environment_hook('ForwardKin', 'pythonpath')
[4.296s] INFO:colcon.colcon_core.shell:Creating environment hook '/home/student/anro_ws/src/install/ForwardKin/share/ForwardKin/hook/pythonpath.ps1'
[4.297s] INFO:colcon.colcon_core.shell:Creating environment descriptor '/home/student/anro_ws/src/install/ForwardKin/share/ForwardKin/hook/pythonpath.dsv'
[4.297s] INFO:colcon.colcon_core.shell:Creating environment hook '/home/student/anro_ws/src/install/ForwardKin/share/ForwardKin/hook/pythonpath.sh'
[4.297s] Level 1:colcon.colcon_core.environment:checking '/home/student/anro_ws/src/install/ForwardKin/bin'
[4.297s] Level 1:colcon.colcon_core.environment:create_environment_scripts_only(ForwardKin)
[4.312s] INFO:colcon.colcon_core.shell:Creating package script '/home/student/anro_ws/src/install/ForwardKin/share/ForwardKin/package.ps1'
[4.313s] INFO:colcon.colcon_core.shell:Creating package descriptor '/home/student/anro_ws/src/install/ForwardKin/share/ForwardKin/package.dsv'
[4.313s] INFO:colcon.colcon_core.shell:Creating package script '/home/student/anro_ws/src/install/ForwardKin/share/ForwardKin/package.sh'
[4.313s] INFO:colcon.colcon_core.shell:Creating package script '/home/student/anro_ws/src/install/ForwardKin/share/ForwardKin/package.bash'
[4.314s] INFO:colcon.colcon_core.shell:Creating package script '/home/student/anro_ws/src/install/ForwardKin/share/ForwardKin/package.zsh'
[4.314s] Level 1:colcon.colcon_core.environment:create_file_with_runtime_dependencies(/home/student/anro_ws/src/install/ForwardKin/share/colcon-core/packages/ForwardKin)
[4.316s] DEBUG:colcon.colcon_core.event_handler.log_command:Invoked command in '/home/student/anro_ws/src/lab2' returned '0': PYTHONPATH=/home/student/anro_ws/src/build/lab2/prefix_override:/home/student/anro_ws/src/install/lab2/lib/python3.10/site-packages:${PYTHONPATH} /usr/bin/python3 setup.py egg_info --egg-base ../build/lab2 build --build-base /home/student/anro_ws/src/build/lab2/build install --record /home/student/anro_ws/src/build/lab2/install.log --single-version-externally-managed
[4.330s] Level 1:colcon.colcon_core.environment:checking '/home/student/anro_ws/src/install/lab2' for CMake module files
[4.331s] Level 1:colcon.colcon_core.environment:checking '/home/student/anro_ws/src/install/lab2' for CMake config files
[4.331s] Level 1:colcon.colcon_core.environment:checking '/home/student/anro_ws/src/install/lab2/lib'
[4.331s] Level 1:colcon.colcon_core.environment:checking '/home/student/anro_ws/src/install/lab2/bin'
[4.332s] Level 1:colcon.colcon_core.environment:checking '/home/student/anro_ws/src/install/lab2/lib/pkgconfig/lab2.pc'
[4.332s] Level 1:colcon.colcon_core.environment:checking '/home/student/anro_ws/src/install/lab2/lib/python3.10/site-packages'
[4.332s] Level 1:colcon.colcon_core.shell:create_environment_hook('lab2', 'pythonpath')
[4.347s] INFO:colcon.colcon_core.shell:Creating environment hook '/home/student/anro_ws/src/install/lab2/share/lab2/hook/pythonpath.ps1'
[4.348s] INFO:colcon.colcon_core.shell:Creating environment descriptor '/home/student/anro_ws/src/install/lab2/share/lab2/hook/pythonpath.dsv'
[4.348s] INFO:colcon.colcon_core.shell:Creating environment hook '/home/student/anro_ws/src/install/lab2/share/lab2/hook/pythonpath.sh'
[4.349s] Level 1:colcon.colcon_core.environment:checking '/home/student/anro_ws/src/install/lab2/bin'
[4.349s] Level 1:colcon.colcon_core.environment:create_environment_scripts_only(lab2)
[4.364s] INFO:colcon.colcon_core.shell:Creating package script '/home/student/anro_ws/src/install/lab2/share/lab2/package.ps1'
[4.365s] INFO:colcon.colcon_core.shell:Creating package descriptor '/home/student/anro_ws/src/install/lab2/share/lab2/package.dsv'
[4.365s] INFO:colcon.colcon_core.shell:Creating package script '/home/student/anro_ws/src/install/lab2/share/lab2/package.sh'
[4.366s] INFO:colcon.colcon_core.shell:Creating package script '/home/student/anro_ws/src/install/lab2/share/lab2/package.bash'
[4.366s] INFO:colcon.colcon_core.shell:Creating package script '/home/student/anro_ws/src/install/lab2/share/lab2/package.zsh'
[4.366s] Level 1:colcon.colcon_core.environment:create_file_with_runtime_dependencies(/home/student/anro_ws/src/install/lab2/share/colcon-core/packages/lab2)
[4.367s] INFO:colcon.colcon_ros.task.ament_python.build:Building ROS package in '/home/student/anro_ws/src/lab4' with build type 'ament_python'
[4.367s] Level 1:colcon.colcon_core.shell:create_environment_hook('lab4', 'ament_prefix_path')
[4.384s] INFO:colcon.colcon_core.shell:Creating environment hook '/home/student/anro_ws/src/install/lab4/share/lab4/hook/ament_prefix_path.ps1'
[4.384s] INFO:colcon.colcon_core.shell:Creating environment descriptor '/home/student/anro_ws/src/install/lab4/share/lab4/hook/ament_prefix_path.dsv'
[4.385s] INFO:colcon.colcon_core.shell:Creating environment hook '/home/student/anro_ws/src/install/lab4/share/lab4/hook/ament_prefix_path.sh'
[4.400s] INFO:colcon.colcon_core.shell:Skip shell extension 'powershell' for command environment: Not usable outside of PowerShell
[4.400s] DEBUG:colcon.colcon_core.shell:Skip shell extension 'dsv' for command environment
[4.462s] INFO:colcon.colcon_ros.task.ament_python.build:Building ROS package in '/home/student/anro_ws/src/lab4PD' with build type 'ament_python'
[4.463s] Level 1:colcon.colcon_core.shell:create_environment_hook('lab4PD', 'ament_prefix_path')
[4.478s] INFO:colcon.colcon_core.shell:Creating environment hook '/home/student/anro_ws/src/install/lab4PD/share/lab4PD/hook/ament_prefix_path.ps1'
[4.479s] INFO:colcon.colcon_core.shell:Creating environment descriptor '/home/student/anro_ws/src/install/lab4PD/share/lab4PD/hook/ament_prefix_path.dsv'
[4.479s] INFO:colcon.colcon_core.shell:Creating environment hook '/home/student/anro_ws/src/install/lab4PD/share/lab4PD/hook/ament_prefix_path.sh'
[4.495s] INFO:colcon.colcon_core.shell:Skip shell extension 'powershell' for command environment: Not usable outside of PowerShell
[4.495s] DEBUG:colcon.colcon_core.shell:Skip shell extension 'dsv' for command environment
[4.562s] DEBUG:colcon.colcon_core.event_handler.log_command:Invoking command in '/home/student/anro_ws/src/lab3': PYTHONPATH=/home/student/anro_ws/src/build/lab3/prefix_override:/home/student/anro_ws/src/install/lab3/lib/python3.10/site-packages:${PYTHONPATH} /usr/bin/python3 setup.py egg_info --egg-base ../build/lab3 build --build-base /home/student/anro_ws/src/build/lab3/build install --record /home/student/anro_ws/src/build/lab3/install.log --single-version-externally-managed
[4.845s] INFO:colcon.colcon_core.task.python.build:Building Python package in '/home/student/anro_ws/src/lab3PD'
[4.862s] INFO:colcon.colcon_core.shell:Skip shell extension 'powershell' for command environment: Not usable outside of PowerShell
[4.862s] DEBUG:colcon.colcon_core.shell:Skip shell extension 'dsv' for command environment
[5.203s] INFO:colcon.colcon_core.task.python.build:Building Python package in '/home/student/anro_ws/src/lab4'
[5.218s] INFO:colcon.colcon_core.shell:Skip shell extension 'powershell' for command environment: Not usable outside of PowerShell
[5.218s] DEBUG:colcon.colcon_core.shell:Skip shell extension 'dsv' for command environment
[5.560s] INFO:colcon.colcon_core.task.python.build:Building Python package in '/home/student/anro_ws/src/lab4PD'
[5.575s] INFO:colcon.colcon_core.shell:Skip shell extension 'powershell' for command environment: Not usable outside of PowerShell
[5.575s] DEBUG:colcon.colcon_core.shell:Skip shell extension 'dsv' for command environment
[5.638s] DEBUG:colcon.colcon_core.event_handler.log_command:Invoked command in '/home/student/anro_ws/src/lab3' returned '0': PYTHONPATH=/home/student/anro_ws/src/build/lab3/prefix_override:/home/student/anro_ws/src/install/lab3/lib/python3.10/site-packages:${PYTHONPATH} /usr/bin/python3 setup.py egg_info --egg-base ../build/lab3 build --build-base /home/student/anro_ws/src/build/lab3/build install --record /home/student/anro_ws/src/build/lab3/install.log --single-version-externally-managed
[5.654s] Level 1:colcon.colcon_core.environment:checking '/home/student/anro_ws/src/install/lab3' for CMake module files
[5.654s] Level 1:colcon.colcon_core.environment:checking '/home/student/anro_ws/src/install/lab3' for CMake config files
[5.655s] Level 1:colcon.colcon_core.environment:checking '/home/student/anro_ws/src/install/lab3/lib'
[5.655s] Level 1:colcon.colcon_core.environment:checking '/home/student/anro_ws/src/install/lab3/bin'
[5.655s] Level 1:colcon.colcon_core.environment:checking '/home/student/anro_ws/src/install/lab3/lib/pkgconfig/lab3.pc'
[5.655s] Level 1:colcon.colcon_core.environment:checking '/home/student/anro_ws/src/install/lab3/lib/python3.10/site-packages'
[5.655s] Level 1:colcon.colcon_core.shell:create_environment_hook('lab3', 'pythonpath')
[5.671s] INFO:colcon.colcon_core.shell:Creating environment hook '/home/student/anro_ws/src/install/lab3/share/lab3/hook/pythonpath.ps1'
[5.671s] INFO:colcon.colcon_core.shell:Creating environment descriptor '/home/student/anro_ws/src/install/lab3/share/lab3/hook/pythonpath.dsv'
[5.671s] INFO:colcon.colcon_core.shell:Creating environment hook '/home/student/anro_ws/src/install/lab3/share/lab3/hook/pythonpath.sh'
[5.672s] Level 1:colcon.colcon_core.environment:checking '/home/student/anro_ws/src/install/lab3/bin'
[5.672s] Level 1:colcon.colcon_core.environment:create_environment_scripts_only(lab3)
[5.687s] INFO:colcon.colcon_core.shell:Creating package script '/home/student/anro_ws/src/install/lab3/share/lab3/package.ps1'
[5.687s] INFO:colcon.colcon_core.shell:Creating package descriptor '/home/student/anro_ws/src/install/lab3/share/lab3/package.dsv'
[5.688s] INFO:colcon.colcon_core.shell:Creating package script '/home/student/anro_ws/src/install/lab3/share/lab3/package.sh'
[5.688s] INFO:colcon.colcon_core.shell:Creating package script '/home/student/anro_ws/src/install/lab3/share/lab3/package.bash'
[5.688s] INFO:colcon.colcon_core.shell:Creating package script '/home/student/anro_ws/src/install/lab3/share/lab3/package.zsh'
[5.689s] Level 1:colcon.colcon_core.environment:create_file_with_runtime_dependencies(/home/student/anro_ws/src/install/lab3/share/colcon-core/packages/lab3)
[5.690s] INFO:colcon.colcon_ros.task.ament_python.build:Building ROS package in '/home/student/anro_ws/src/lab6PD' with build type 'ament_python'
[5.690s] Level 1:colcon.colcon_core.shell:create_environment_hook('lab6PD', 'ament_prefix_path')
[5.705s] INFO:colcon.colcon_core.shell:Creating environment hook '/home/student/anro_ws/src/install/lab6PD/share/lab6PD/hook/ament_prefix_path.ps1'
[5.706s] INFO:colcon.colcon_core.shell:Creating environment descriptor '/home/student/anro_ws/src/install/lab6PD/share/lab6PD/hook/ament_prefix_path.dsv'
[5.706s] INFO:colcon.colcon_core.shell:Creating environment hook '/home/student/anro_ws/src/install/lab6PD/share/lab6PD/hook/ament_prefix_path.sh'
[5.722s] INFO:colcon.colcon_core.shell:Skip shell extension 'powershell' for command environment: Not usable outside of PowerShell
[5.722s] DEBUG:colcon.colcon_core.shell:Skip shell extension 'dsv' for command environment
[6.102s] INFO:colcon.colcon_core.task.python.build:Building Python package in '/home/student/anro_ws/src/lab6PD'
[6.118s] INFO:colcon.colcon_core.shell:Skip shell extension 'powershell' for command environment: Not usable outside of PowerShell
[6.119s] DEBUG:colcon.colcon_core.shell:Skip shell extension 'dsv' for command environment
[6.235s] DEBUG:colcon.colcon_core.event_handler.log_command:Invoking command in '/home/student/anro_ws/src/lab3PD': PYTHONPATH=/home/student/anro_ws/src/build/lab3PD/prefix_override:/home/student/anro_ws/src/install/lab3PD/lib/python3.10/site-packages:${PYTHONPATH} /usr/bin/python3 setup.py egg_info --egg-base ../build/lab3PD build --build-base /home/student/anro_ws/src/build/lab3PD/build install --record /home/student/anro_ws/src/build/lab3PD/install.log --single-version-externally-managed
[6.249s] DEBUG:colcon.colcon_core.event_handler.log_command:Invoking command in '/home/student/anro_ws/src/lab4': PYTHONPATH=/home/student/anro_ws/src/build/lab4/prefix_override:/home/student/anro_ws/src/install/lab4/lib/python3.10/site-packages:${PYTHONPATH} /usr/bin/python3 setup.py egg_info --egg-base ../build/lab4 build --build-base /home/student/anro_ws/src/build/lab4/build install --record /home/student/anro_ws/src/build/lab4/install.log --single-version-externally-managed
[6.267s] DEBUG:colcon.colcon_core.event_handler.log_command:Invoking command in '/home/student/anro_ws/src/lab4PD': PYTHONPATH=/home/student/anro_ws/src/build/lab4PD/prefix_override:/home/student/anro_ws/src/install/lab4PD/lib/python3.10/site-packages:${PYTHONPATH} /usr/bin/python3 setup.py egg_info --egg-base ../build/lab4PD build --build-base /home/student/anro_ws/src/build/lab4PD/build install --record /home/student/anro_ws/src/build/lab4PD/install.log --single-version-externally-managed
[6.625s] DEBUG:colcon.colcon_core.event_handler.log_command:Invoked command in '/home/student/anro_ws/src/lab4PD' returned '0': PYTHONPATH=/home/student/anro_ws/src/build/lab4PD/prefix_override:/home/student/anro_ws/src/install/lab4PD/lib/python3.10/site-packages:${PYTHONPATH} /usr/bin/python3 setup.py egg_info --egg-base ../build/lab4PD build --build-base /home/student/anro_ws/src/build/lab4PD/build install --record /home/student/anro_ws/src/build/lab4PD/install.log --single-version-externally-managed
[6.639s] Level 1:colcon.colcon_core.environment:checking '/home/student/anro_ws/src/install/lab4PD' for CMake module files
[6.639s] Level 1:colcon.colcon_core.environment:checking '/home/student/anro_ws/src/install/lab4PD' for CMake config files
[6.640s] Level 1:colcon.colcon_core.environment:checking '/home/student/anro_ws/src/install/lab4PD/lib'
[6.640s] Level 1:colcon.colcon_core.environment:checking '/home/student/anro_ws/src/install/lab4PD/bin'
[6.640s] Level 1:colcon.colcon_core.environment:checking '/home/student/anro_ws/src/install/lab4PD/lib/pkgconfig/lab4PD.pc'
[6.640s] Level 1:colcon.colcon_core.environment:checking '/home/student/anro_ws/src/install/lab4PD/lib/python3.10/site-packages'
[6.640s] Level 1:colcon.colcon_core.shell:create_environment_hook('lab4PD', 'pythonpath')
[6.656s] INFO:colcon.colcon_core.shell:Creating environment hook '/home/student/anro_ws/src/install/lab4PD/share/lab4PD/hook/pythonpath.ps1'
[6.657s] INFO:colcon.colcon_core.shell:Creating environment descriptor '/home/student/anro_ws/src/install/lab4PD/share/lab4PD/hook/pythonpath.dsv'
[6.657s] INFO:colcon.colcon_core.shell:Creating environment hook '/home/student/anro_ws/src/install/lab4PD/share/lab4PD/hook/pythonpath.sh'
[6.658s] Level 1:colcon.colcon_core.environment:checking '/home/student/anro_ws/src/install/lab4PD/bin'
[6.658s] Level 1:colcon.colcon_core.environment:create_environment_scripts_only(lab4PD)
[6.674s] INFO:colcon.colcon_core.shell:Creating package script '/home/student/anro_ws/src/install/lab4PD/share/lab4PD/package.ps1'
[6.674s] INFO:colcon.colcon_core.shell:Creating package descriptor '/home/student/anro_ws/src/install/lab4PD/share/lab4PD/package.dsv'
[6.675s] INFO:colcon.colcon_core.shell:Creating package script '/home/student/anro_ws/src/install/lab4PD/share/lab4PD/package.sh'
[6.675s] INFO:colcon.colcon_core.shell:Creating package script '/home/student/anro_ws/src/install/lab4PD/share/lab4PD/package.bash'
[6.676s] INFO:colcon.colcon_core.shell:Creating package script '/home/student/anro_ws/src/install/lab4PD/share/lab4PD/package.zsh'
[6.676s] Level 1:colcon.colcon_core.environment:create_file_with_runtime_dependencies(/home/student/anro_ws/src/install/lab4PD/share/colcon-core/packages/lab4PD)
[6.677s] INFO:colcon.colcon_ros.task.ament_cmake.build:Building ROS package in '/home/student/anro_ws/src/urdf_tutorial' with build type 'ament_cmake'
[6.677s] INFO:colcon.colcon_cmake.task.cmake.build:Building CMake package in '/home/student/anro_ws/src/urdf_tutorial'
[6.694s] INFO:colcon.colcon_core.shell:Skip shell extension 'powershell' for command environment: Not usable outside of PowerShell
[6.694s] DEBUG:colcon.colcon_core.shell:Skip shell extension 'dsv' for command environment
[6.761s] DEBUG:colcon.colcon_core.event_handler.log_command:Invoked command in '/home/student/anro_ws/src/lab3PD' returned '0': PYTHONPATH=/home/student/anro_ws/src/build/lab3PD/prefix_override:/home/student/anro_ws/src/install/lab3PD/lib/python3.10/site-packages:${PYTHONPATH} /usr/bin/python3 setup.py egg_info --egg-base ../build/lab3PD build --build-base /home/student/anro_ws/src/build/lab3PD/build install --record /home/student/anro_ws/src/build/lab3PD/install.log --single-version-externally-managed
[6.776s] Level 1:colcon.colcon_core.environment:checking '/home/student/anro_ws/src/install/lab3PD' for CMake module files
[6.777s] Level 1:colcon.colcon_core.environment:checking '/home/student/anro_ws/src/install/lab3PD' for CMake config files
[6.777s] Level 1:colcon.colcon_core.environment:checking '/home/student/anro_ws/src/install/lab3PD/lib'
[6.777s] Level 1:colcon.colcon_core.environment:checking '/home/student/anro_ws/src/install/lab3PD/bin'
[6.777s] Level 1:colcon.colcon_core.environment:checking '/home/student/anro_ws/src/install/lab3PD/lib/pkgconfig/lab3PD.pc'
[6.777s] Level 1:colcon.colcon_core.environment:checking '/home/student/anro_ws/src/install/lab3PD/lib/python3.10/site-packages'
[6.778s] Level 1:colcon.colcon_core.shell:create_environment_hook('lab3PD', 'pythonpath')
[6.792s] INFO:colcon.colcon_core.shell:Creating environment hook '/home/student/anro_ws/src/install/lab3PD/share/lab3PD/hook/pythonpath.ps1'
[6.793s] INFO:colcon.colcon_core.shell:Creating environment descriptor '/home/student/anro_ws/src/install/lab3PD/share/lab3PD/hook/pythonpath.dsv'
[6.793s] INFO:colcon.colcon_core.shell:Creating environment hook '/home/student/anro_ws/src/install/lab3PD/share/lab3PD/hook/pythonpath.sh'
[6.794s] Level 1:colcon.colcon_core.environment:checking '/home/student/anro_ws/src/install/lab3PD/bin'
[6.794s] Level 1:colcon.colcon_core.environment:create_environment_scripts_only(lab3PD)
[6.809s] INFO:colcon.colcon_core.shell:Creating package script '/home/student/anro_ws/src/install/lab3PD/share/lab3PD/package.ps1'
[6.809s] INFO:colcon.colcon_core.shell:Creating package descriptor '/home/student/anro_ws/src/install/lab3PD/share/lab3PD/package.dsv'
[6.809s] INFO:colcon.colcon_core.shell:Creating package script '/home/student/anro_ws/src/install/lab3PD/share/lab3PD/package.sh'
[6.810s] INFO:colcon.colcon_core.shell:Creating package script '/home/student/anro_ws/src/install/lab3PD/share/lab3PD/package.bash'
[6.810s] INFO:colcon.colcon_core.shell:Creating package script '/home/student/anro_ws/src/install/lab3PD/share/lab3PD/package.zsh'
[6.810s] Level 1:colcon.colcon_core.environment:create_file_with_runtime_dependencies(/home/student/anro_ws/src/install/lab3PD/share/colcon-core/packages/lab3PD)
[6.812s] DEBUG:colcon.colcon_core.event_handler.log_command:Invoked command in '/home/student/anro_ws/src/lab4' returned '0': PYTHONPATH=/home/student/anro_ws/src/build/lab4/prefix_override:/home/student/anro_ws/src/install/lab4/lib/python3.10/site-packages:${PYTHONPATH} /usr/bin/python3 setup.py egg_info --egg-base ../build/lab4 build --build-base /home/student/anro_ws/src/build/lab4/build install --record /home/student/anro_ws/src/build/lab4/install.log --single-version-externally-managed
[6.826s] Level 1:colcon.colcon_core.environment:checking '/home/student/anro_ws/src/install/lab4' for CMake module files
[6.827s] Level 1:colcon.colcon_core.environment:checking '/home/student/anro_ws/src/install/lab4' for CMake config files
[6.828s] Level 1:colcon.colcon_core.environment:checking '/home/student/anro_ws/src/install/lab4/lib'
[6.828s] Level 1:colcon.colcon_core.environment:checking '/home/student/anro_ws/src/install/lab4/bin'
[6.828s] Level 1:colcon.colcon_core.environment:checking '/home/student/anro_ws/src/install/lab4/lib/pkgconfig/lab4.pc'
[6.828s] Level 1:colcon.colcon_core.environment:checking '/home/student/anro_ws/src/install/lab4/lib/python3.10/site-packages'
[6.828s] Level 1:colcon.colcon_core.shell:create_environment_hook('lab4', 'pythonpath')
[6.844s] INFO:colcon.colcon_core.shell:Creating environment hook '/home/student/anro_ws/src/install/lab4/share/lab4/hook/pythonpath.ps1'
[6.844s] INFO:colcon.colcon_core.shell:Creating environment descriptor '/home/student/anro_ws/src/install/lab4/share/lab4/hook/pythonpath.dsv'
[6.845s] INFO:colcon.colcon_core.shell:Creating environment hook '/home/student/anro_ws/src/install/lab4/share/lab4/hook/pythonpath.sh'
[6.845s] Level 1:colcon.colcon_core.environment:checking '/home/student/anro_ws/src/install/lab4/bin'
[6.845s] Level 1:colcon.colcon_core.environment:create_environment_scripts_only(lab4)
[6.861s] INFO:colcon.colcon_core.shell:Creating package script '/home/student/anro_ws/src/install/lab4/share/lab4/package.ps1'
[6.861s] INFO:colcon.colcon_core.shell:Creating package descriptor '/home/student/anro_ws/src/install/lab4/share/lab4/package.dsv'
[6.862s] INFO:colcon.colcon_core.shell:Creating package script '/home/student/anro_ws/src/install/lab4/share/lab4/package.sh'
[6.862s] INFO:colcon.colcon_core.shell:Creating package script '/home/student/anro_ws/src/install/lab4/share/lab4/package.bash'
[6.862s] INFO:colcon.colcon_core.shell:Creating package script '/home/student/anro_ws/src/install/lab4/share/lab4/package.zsh'
[6.862s] Level 1:colcon.colcon_core.environment:create_file_with_runtime_dependencies(/home/student/anro_ws/src/install/lab4/share/colcon-core/packages/lab4)
[6.867s] DEBUG:colcon.colcon_core.event_handler.log_command:Invoking command in '/home/student/anro_ws/src/lab6PD': PYTHONPATH=/home/student/anro_ws/src/build/lab6PD/prefix_override:/home/student/anro_ws/src/install/lab6PD/lib/python3.10/site-packages:${PYTHONPATH} /usr/bin/python3 setup.py egg_info --egg-base ../build/lab6PD build --build-base /home/student/anro_ws/src/build/lab6PD/build install --record /home/student/anro_ws/src/build/lab6PD/install.log --single-version-externally-managed
[6.868s] DEBUG:colcon.colcon_core.event_handler.log_command:Invoking command in '/home/student/anro_ws/src/build/urdf_tutorial': AMENT_PREFIX_PATH=/home/student/anro_ws/src/install/urdf_launch:${AMENT_PREFIX_PATH} CMAKE_PREFIX_PATH=/home/student/anro_ws/src/install/urdf_launch:/opt/dobot_anro_system/install/dobot_msgs:/opt/dobot_anro_system/install/dobot_driver:/opt/dobot_anro_system/install/dobot_state_updater:/opt/dobot_anro_system/install/dobot_motion:/opt/dobot_anro_system/install/dobot_homing:/opt/dobot_anro_system/install/dobot_end_effector:/opt/dobot_anro_system/install/dobot_diagnostics:/opt/dobot_anro_system/install/dobot_control_panel:/opt/dobot_anro_system/install/dobot_bringup:/opt/ros/humble /usr/bin/cmake /home/student/anro_ws/src/urdf_tutorial -DCMAKE_INSTALL_PREFIX=/home/student/anro_ws/src/install/urdf_tutorial
[7.209s] DEBUG:colcon.colcon_core.event_handler.log_command:Invoked command in '/home/student/anro_ws/src/lab6PD' returned '0': PYTHONPATH=/home/student/anro_ws/src/build/lab6PD/prefix_override:/home/student/anro_ws/src/install/lab6PD/lib/python3.10/site-packages:${PYTHONPATH} /usr/bin/python3 setup.py egg_info --egg-base ../build/lab6PD build --build-base /home/student/anro_ws/src/build/lab6PD/build install --record /home/student/anro_ws/src/build/lab6PD/install.log --single-version-externally-managed
[7.225s] Level 1:colcon.colcon_core.environment:checking '/home/student/anro_ws/src/install/lab6PD' for CMake module files
[7.225s] Level 1:colcon.colcon_core.environment:checking '/home/student/anro_ws/src/install/lab6PD' for CMake config files
[7.226s] Level 1:colcon.colcon_core.environment:checking '/home/student/anro_ws/src/install/lab6PD/lib'
[7.226s] Level 1:colcon.colcon_core.environment:checking '/home/student/anro_ws/src/install/lab6PD/bin'
[7.226s] Level 1:colcon.colcon_core.environment:checking '/home/student/anro_ws/src/install/lab6PD/lib/pkgconfig/lab6PD.pc'
[7.226s] Level 1:colcon.colcon_core.environment:checking '/home/student/anro_ws/src/install/lab6PD/lib/python3.10/site-packages'
[7.226s] Level 1:colcon.colcon_core.shell:create_environment_hook('lab6PD', 'pythonpath')
[7.242s] INFO:colcon.colcon_core.shell:Creating environment hook '/home/student/anro_ws/src/install/lab6PD/share/lab6PD/hook/pythonpath.ps1'
[7.243s] INFO:colcon.colcon_core.shell:Creating environment descriptor '/home/student/anro_ws/src/install/lab6PD/share/lab6PD/hook/pythonpath.dsv'
[7.243s] INFO:colcon.colcon_core.shell:Creating environment hook '/home/student/anro_ws/src/install/lab6PD/share/lab6PD/hook/pythonpath.sh'
[7.244s] Level 1:colcon.colcon_core.environment:checking '/home/student/anro_ws/src/install/lab6PD/bin'
[7.244s] Level 1:colcon.colcon_core.environment:create_environment_scripts_only(lab6PD)
[7.259s] INFO:colcon.colcon_core.shell:Creating package script '/home/student/anro_ws/src/install/lab6PD/share/lab6PD/package.ps1'
[7.260s] INFO:colcon.colcon_core.shell:Creating package descriptor '/home/student/anro_ws/src/install/lab6PD/share/lab6PD/package.dsv'
[7.260s] INFO:colcon.colcon_core.shell:Creating package script '/home/student/anro_ws/src/install/lab6PD/share/lab6PD/package.sh'
[7.261s] INFO:colcon.colcon_core.shell:Creating package script '/home/student/anro_ws/src/install/lab6PD/share/lab6PD/package.bash'
[7.261s] INFO:colcon.colcon_core.shell:Creating package script '/home/student/anro_ws/src/install/lab6PD/share/lab6PD/package.zsh'
[7.261s] Level 1:colcon.colcon_core.environment:create_file_with_runtime_dependencies(/home/student/anro_ws/src/install/lab6PD/share/colcon-core/packages/lab6PD)
[7.516s] DEBUG:colcon.colcon_core.event_handler.log_command:Invoked command in '/home/student/anro_ws/src/build/urdf_tutorial' returned '0': AMENT_PREFIX_PATH=/home/student/anro_ws/src/install/urdf_launch:${AMENT_PREFIX_PATH} CMAKE_PREFIX_PATH=/home/student/anro_ws/src/install/urdf_launch:/opt/dobot_anro_system/install/dobot_msgs:/opt/dobot_anro_system/install/dobot_driver:/opt/dobot_anro_system/install/dobot_state_updater:/opt/dobot_anro_system/install/dobot_motion:/opt/dobot_anro_system/install/dobot_homing:/opt/dobot_anro_system/install/dobot_end_effector:/opt/dobot_anro_system/install/dobot_diagnostics:/opt/dobot_anro_system/install/dobot_control_panel:/opt/dobot_anro_system/install/dobot_bringup:/opt/ros/humble /usr/bin/cmake /home/student/anro_ws/src/urdf_tutorial -DCMAKE_INSTALL_PREFIX=/home/student/anro_ws/src/install/urdf_tutorial
[7.518s] DEBUG:colcon.colcon_core.event_handler.log_command:Invoking command in '/home/student/anro_ws/src/build/urdf_tutorial': AMENT_PREFIX_PATH=/home/student/anro_ws/src/install/urdf_launch:${AMENT_PREFIX_PATH} CMAKE_PREFIX_PATH=/home/student/anro_ws/src/install/urdf_launch:/opt/dobot_anro_system/install/dobot_msgs:/opt/dobot_anro_system/install/dobot_driver:/opt/dobot_anro_system/install/dobot_state_updater:/opt/dobot_anro_system/install/dobot_motion:/opt/dobot_anro_system/install/dobot_homing:/opt/dobot_anro_system/install/dobot_end_effector:/opt/dobot_anro_system/install/dobot_diagnostics:/opt/dobot_anro_system/install/dobot_control_panel:/opt/dobot_anro_system/install/dobot_bringup:/opt/ros/humble /usr/bin/cmake --build /home/student/anro_ws/src/build/urdf_tutorial -- -j4 -l4
[7.553s] DEBUG:colcon.colcon_core.event_handler.log_command:Invoked command in '/home/student/anro_ws/src/build/urdf_tutorial' returned '0': AMENT_PREFIX_PATH=/home/student/anro_ws/src/install/urdf_launch:${AMENT_PREFIX_PATH} CMAKE_PREFIX_PATH=/home/student/anro_ws/src/install/urdf_launch:/opt/dobot_anro_system/install/dobot_msgs:/opt/dobot_anro_system/install/dobot_driver:/opt/dobot_anro_system/install/dobot_state_updater:/opt/dobot_anro_system/install/dobot_motion:/opt/dobot_anro_system/install/dobot_homing:/opt/dobot_anro_system/install/dobot_end_effector:/opt/dobot_anro_system/install/dobot_diagnostics:/opt/dobot_anro_system/install/dobot_control_panel:/opt/dobot_anro_system/install/dobot_bringup:/opt/ros/humble /usr/bin/cmake --build /home/student/anro_ws/src/build/urdf_tutorial -- -j4 -l4
[7.578s] DEBUG:colcon.colcon_core.event_handler.log_command:Invoking command in '/home/student/anro_ws/src/build/urdf_tutorial': AMENT_PREFIX_PATH=/home/student/anro_ws/src/install/urdf_launch:${AMENT_PREFIX_PATH} CMAKE_PREFIX_PATH=/home/student/anro_ws/src/install/urdf_launch:/opt/dobot_anro_system/install/dobot_msgs:/opt/dobot_anro_system/install/dobot_driver:/opt/dobot_anro_system/install/dobot_state_updater:/opt/dobot_anro_system/install/dobot_motion:/opt/dobot_anro_system/install/dobot_homing:/opt/dobot_anro_system/install/dobot_end_effector:/opt/dobot_anro_system/install/dobot_diagnostics:/opt/dobot_anro_system/install/dobot_control_panel:/opt/dobot_anro_system/install/dobot_bringup:/opt/ros/humble /usr/bin/cmake --install /home/student/anro_ws/src/build/urdf_tutorial
[7.593s] Level 1:colcon.colcon_core.environment:create_environment_scripts_only(urdf_tutorial)
[7.593s] DEBUG:colcon.colcon_core.event_handler.log_command:Invoked command in '/home/student/anro_ws/src/build/urdf_tutorial' returned '0': AMENT_PREFIX_PATH=/home/student/anro_ws/src/install/urdf_launch:${AMENT_PREFIX_PATH} CMAKE_PREFIX_PATH=/home/student/anro_ws/src/install/urdf_launch:/opt/dobot_anro_system/install/dobot_msgs:/opt/dobot_anro_system/install/dobot_driver:/opt/dobot_anro_system/install/dobot_state_updater:/opt/dobot_anro_system/install/dobot_motion:/opt/dobot_anro_system/install/dobot_homing:/opt/dobot_anro_system/install/dobot_end_effector:/opt/dobot_anro_system/install/dobot_diagnostics:/opt/dobot_anro_system/install/dobot_control_panel:/opt/dobot_anro_system/install/dobot_bringup:/opt/ros/humble /usr/bin/cmake --install /home/student/anro_ws/src/build/urdf_tutorial
[7.609s] Level 1:colcon.colcon_core.environment:checking '/home/student/anro_ws/src/install/urdf_tutorial' for CMake module files
[7.609s] Level 1:colcon.colcon_core.environment:checking '/home/student/anro_ws/src/install/urdf_tutorial' for CMake config files
[7.610s] Level 1:colcon.colcon_core.shell:create_environment_hook('urdf_tutorial', 'cmake_prefix_path')
[7.625s] INFO:colcon.colcon_core.shell:Creating environment hook '/home/student/anro_ws/src/install/urdf_tutorial/share/urdf_tutorial/hook/cmake_prefix_path.ps1'
[7.625s] INFO:colcon.colcon_core.shell:Creating environment descriptor '/home/student/anro_ws/src/install/urdf_tutorial/share/urdf_tutorial/hook/cmake_prefix_path.dsv'
[7.625s] INFO:colcon.colcon_core.shell:Creating environment hook '/home/student/anro_ws/src/install/urdf_tutorial/share/urdf_tutorial/hook/cmake_prefix_path.sh'
[7.626s] Level 1:colcon.colcon_core.environment:checking '/home/student/anro_ws/src/install/urdf_tutorial/bin'
[7.626s] Level 1:colcon.colcon_core.environment:checking '/home/student/anro_ws/src/install/urdf_tutorial/lib/pkgconfig/urdf_tutorial.pc'
[7.626s] Level 1:colcon.colcon_core.environment:checking '/home/student/anro_ws/src/install/urdf_tutorial/lib/python3.10/site-packages'
[7.626s] Level 1:colcon.colcon_core.environment:checking '/home/student/anro_ws/src/install/urdf_tutorial/bin'
[7.642s] INFO:colcon.colcon_core.shell:Creating package script '/home/student/anro_ws/src/install/urdf_tutorial/share/urdf_tutorial/package.ps1'
[7.642s] INFO:colcon.colcon_core.shell:Creating package descriptor '/home/student/anro_ws/src/install/urdf_tutorial/share/urdf_tutorial/package.dsv'
[7.642s] INFO:colcon.colcon_core.shell:Creating package script '/home/student/anro_ws/src/install/urdf_tutorial/share/urdf_tutorial/package.sh'
[7.643s] INFO:colcon.colcon_core.shell:Creating package script '/home/student/anro_ws/src/install/urdf_tutorial/share/urdf_tutorial/package.bash'
[7.643s] INFO:colcon.colcon_core.shell:Creating package script '/home/student/anro_ws/src/install/urdf_tutorial/share/urdf_tutorial/package.zsh'
[7.643s] Level 1:colcon.colcon_core.environment:create_file_with_runtime_dependencies(/home/student/anro_ws/src/install/urdf_tutorial/share/colcon-core/packages/urdf_tutorial)
[7.679s] Level 1:colcon.colcon_core.environment:create_environment_scripts_only(urdf_tutorial)
[7.693s] Level 1:colcon.colcon_core.environment:checking '/home/student/anro_ws/src/install/urdf_tutorial' for CMake module files
[7.694s] Level 1:colcon.colcon_core.environment:checking '/home/student/anro_ws/src/install/urdf_tutorial' for CMake config files
[7.694s] Level 1:colcon.colcon_core.shell:create_environment_hook('urdf_tutorial', 'cmake_prefix_path')
[7.709s] INFO:colcon.colcon_core.shell:Creating environment hook '/home/student/anro_ws/src/install/urdf_tutorial/share/urdf_tutorial/hook/cmake_prefix_path.ps1'
[7.709s] INFO:colcon.colcon_core.shell:Creating environment descriptor '/home/student/anro_ws/src/install/urdf_tutorial/share/urdf_tutorial/hook/cmake_prefix_path.dsv'
[7.709s] INFO:colcon.colcon_core.shell:Creating environment hook '/home/student/anro_ws/src/install/urdf_tutorial/share/urdf_tutorial/hook/cmake_prefix_path.sh'
[7.710s] Level 1:colcon.colcon_core.environment:checking '/home/student/anro_ws/src/install/urdf_tutorial/bin'
[7.710s] Level 1:colcon.colcon_core.environment:checking '/home/student/anro_ws/src/install/urdf_tutorial/lib/pkgconfig/urdf_tutorial.pc'
[7.710s] Level 1:colcon.colcon_core.environment:checking '/home/student/anro_ws/src/install/urdf_tutorial/lib/python3.10/site-packages'
[7.710s] Level 1:colcon.colcon_core.environment:checking '/home/student/anro_ws/src/install/urdf_tutorial/bin'
[7.725s] INFO:colcon.colcon_core.shell:Creating package script '/home/student/anro_ws/src/install/urdf_tutorial/share/urdf_tutorial/package.ps1'
[7.726s] INFO:colcon.colcon_core.shell:Creating package descriptor '/home/student/anro_ws/src/install/urdf_tutorial/share/urdf_tutorial/package.dsv'
[7.726s] INFO:colcon.colcon_core.shell:Creating package script '/home/student/anro_ws/src/install/urdf_tutorial/share/urdf_tutorial/package.sh'
[7.727s] INFO:colcon.colcon_core.shell:Creating package script '/home/student/anro_ws/src/install/urdf_tutorial/share/urdf_tutorial/package.bash'
[7.727s] INFO:colcon.colcon_core.shell:Creating package script '/home/student/anro_ws/src/install/urdf_tutorial/share/urdf_tutorial/package.zsh'
[7.727s] Level 1:colcon.colcon_core.environment:create_file_with_runtime_dependencies(/home/student/anro_ws/src/install/urdf_tutorial/share/colcon-core/packages/urdf_tutorial)
[7.728s] DEBUG:colcon.colcon_parallel_executor.executor.parallel:closing loop
[7.728s] DEBUG:colcon.colcon_parallel_executor.executor.parallel:loop closed
[7.728s] DEBUG:colcon.colcon_parallel_executor.executor.parallel:run_until_complete finished with '0'
[7.728s] DEBUG:colcon.colcon_core.event_reactor:joining thread
[7.749s] INFO:colcon.colcon_core.plugin_system:Skipping extension 'colcon_notification.desktop_notification.terminal_notifier': Not used on non-Darwin systems
[7.749s] INFO:colcon.colcon_core.plugin_system:Skipping extension 'colcon_notification.desktop_notification.win32': Not used on non-Windows systems
[7.749s] INFO:colcon.colcon_notification.desktop_notification:Sending desktop notification using 'notify2'
[7.760s] DEBUG:colcon.colcon_core.event_reactor:joined thread
[7.776s] INFO:colcon.colcon_core.shell:Creating prefix script '/home/student/anro_ws/src/install/local_setup.ps1'
[7.777s] INFO:colcon.colcon_core.shell:Creating prefix util module '/home/student/anro_ws/src/install/_local_setup_util_ps1.py'
[7.778s] INFO:colcon.colcon_core.shell:Creating prefix chain script '/home/student/anro_ws/src/install/setup.ps1'
[7.794s] INFO:colcon.colcon_core.shell:Creating prefix script '/home/student/anro_ws/src/install/local_setup.sh'
[7.795s] INFO:colcon.colcon_core.shell:Creating prefix util module '/home/student/anro_ws/src/install/_local_setup_util_sh.py'
[7.795s] INFO:colcon.colcon_core.shell:Creating prefix chain script '/home/student/anro_ws/src/install/setup.sh'
[7.811s] INFO:colcon.colcon_core.shell:Creating prefix script '/home/student/anro_ws/src/install/local_setup.bash'
[7.811s] INFO:colcon.colcon_core.shell:Creating prefix chain script '/home/student/anro_ws/src/install/setup.bash'
[7.828s] INFO:colcon.colcon_core.shell:Creating prefix script '/home/student/anro_ws/src/install/local_setup.zsh'
[7.828s] INFO:colcon.colcon_core.shell:Creating prefix chain script '/home/student/anro_ws/src/install/setup.zsh'
