[2.424s] Invoking command in '/home/student/anro_ws/src/ForwardKin': PYTHONPATH=/home/student/anro_ws/src/build/ForwardKin/prefix_override:/home/student/anro_ws/src/install/ForwardKin/lib/python3.10/site-packages:${PYTHONPATH} /usr/bin/python3 setup.py egg_info --egg-base ../build/ForwardKin build --build-base /home/student/anro_ws/src/build/ForwardKin/build install --record /home/student/anro_ws/src/build/ForwardKin/install.log --single-version-externally-managed
[2.792s] running egg_info
[2.798s] writing ../build/ForwardKin/ForwardKin.egg-info/PKG-INFO
[2.798s] writing dependency_links to ../build/ForwardKin/ForwardKin.egg-info/dependency_links.txt
[2.798s] writing entry points to ../build/ForwardKin/ForwardKin.egg-info/entry_points.txt
[2.801s] writing requirements to ../build/ForwardKin/ForwardKin.egg-info/requires.txt
[2.802s] writing top-level names to ../build/ForwardKin/ForwardKin.egg-info/top_level.txt
[2.802s] reading manifest file '../build/ForwardKin/ForwardKin.egg-info/SOURCES.txt'
[2.802s] adding license file 'LICENSE'
[2.802s] writing manifest file '../build/ForwardKin/ForwardKin.egg-info/SOURCES.txt'
[2.802s] running build
[2.803s] running build_py
[2.803s] running install
[2.803s] running install_lib
[2.803s] running install_data
[2.803s] running install_egg_info
[2.809s] removing '/home/student/anro_ws/src/install/ForwardKin/lib/python3.10/site-packages/ForwardKin-0.0.0-py3.10.egg-info' (and everything under it)
[2.809s] Copying ../build/ForwardKin/ForwardKin.egg-info to /home/student/anro_ws/src/install/ForwardKin/lib/python3.10/site-packages/ForwardKin-0.0.0-py3.10.egg-info
[2.812s] running install_scripts
[2.837s] Installing ForwardKin script to /home/student/anro_ws/src/install/ForwardKin/lib/ForwardKin
[2.837s] writing list of installed files to '/home/student/anro_ws/src/build/ForwardKin/install.log'
[2.910s] Invoked command in '/home/student/anro_ws/src/ForwardKin' returned '0': PYTHONPATH=/home/student/anro_ws/src/build/ForwardKin/prefix_override:/home/student/anro_ws/src/install/ForwardKin/lib/python3.10/site-packages:${PYTHONPATH} /usr/bin/python3 setup.py egg_info --egg-base ../build/ForwardKin build --build-base /home/student/anro_ws/src/build/ForwardKin/build install --record /home/student/anro_ws/src/build/ForwardKin/install.log --single-version-externally-managed
