running egg_info
creating ../build/lab4PD/lab4PD.egg-info
writing ../build/lab4PD/lab4PD.egg-info/PKG-INFO
writing dependency_links to ../build/lab4PD/lab4PD.egg-info/dependency_links.txt
writing entry points to ../build/lab4PD/lab4PD.egg-info/entry_points.txt
writing requirements to ../build/lab4PD/lab4PD.egg-info/requires.txt
writing top-level names to ../build/lab4PD/lab4PD.egg-info/top_level.txt
writing manifest file '../build/lab4PD/lab4PD.egg-info/SOURCES.txt'
reading manifest file '../build/lab4PD/lab4PD.egg-info/SOURCES.txt'
adding license file 'LICENSE'
writing manifest file '../build/lab4PD/lab4PD.egg-info/SOURCES.txt'
running build
running build_py
creating /home/student/anro_ws/src/build/lab4PD/build
creating /home/student/anro_ws/src/build/lab4PD/build/lib
creating /home/student/anro_ws/src/build/lab4PD/build/lib/lab4PD
copying lab4PD/__init__.py -> /home/student/anro_ws/src/build/lab4PD/build/lib/lab4PD
copying lab4PD/reverse_kinematics.py -> /home/student/anro_ws/src/build/lab4PD/build/lib/lab4PD
running install
running install_lib
creating /home/student/anro_ws/src/install/lab4PD/lib/python3.10/site-packages/lab4PD
copying /home/student/anro_ws/src/build/lab4PD/build/lib/lab4PD/__init__.py -> /home/student/anro_ws/src/install/lab4PD/lib/python3.10/site-packages/lab4PD
copying /home/student/anro_ws/src/build/lab4PD/build/lib/lab4PD/reverse_kinematics.py -> /home/student/anro_ws/src/install/lab4PD/lib/python3.10/site-packages/lab4PD
byte-compiling /home/student/anro_ws/src/install/lab4PD/lib/python3.10/site-packages/lab4PD/__init__.py to __init__.cpython-310.pyc
byte-compiling /home/student/anro_ws/src/install/lab4PD/lib/python3.10/site-packages/lab4PD/reverse_kinematics.py to reverse_kinematics.cpython-310.pyc
running install_data
creating /home/student/anro_ws/src/install/lab4PD/share/ament_index
creating /home/student/anro_ws/src/install/lab4PD/share/ament_index/resource_index
creating /home/student/anro_ws/src/install/lab4PD/share/ament_index/resource_index/packages
copying resource/lab4PD -> /home/student/anro_ws/src/install/lab4PD/share/ament_index/resource_index/packages
copying package.xml -> /home/student/anro_ws/src/install/lab4PD/share/lab4PD
creating /home/student/anro_ws/src/install/lab4PD/share/lab4PD/launch
running install_egg_info
Copying ../build/lab4PD/lab4PD.egg-info to /home/student/anro_ws/src/install/lab4PD/lib/python3.10/site-packages/lab4PD-0.0.0-py3.10.egg-info
running install_scripts
Installing reverse_kinematics script to /home/student/anro_ws/src/install/lab4PD/lib/lab4PD
writing list of installed files to '/home/student/anro_ws/src/build/lab4PD/install.log'
