[1.804s] Invoking command in '/home/student/anro_ws/src/lab4PD': PYTHONPATH=/home/student/anro_ws/src/build/lab4PD/prefix_override:/home/student/anro_ws/src/install/lab4PD/lib/python3.10/site-packages:${PYTHONPATH} /usr/bin/python3 setup.py egg_info --egg-base ../build/lab4PD build --build-base /home/student/anro_ws/src/build/lab4PD/build install --record /home/student/anro_ws/src/build/lab4PD/install.log --single-version-externally-managed
[2.074s] running egg_info
[2.075s] creating ../build/lab4PD/lab4PD.egg-info
[2.075s] writing ../build/lab4PD/lab4PD.egg-info/PKG-INFO
[2.076s] writing dependency_links to ../build/lab4PD/lab4PD.egg-info/dependency_links.txt
[2.076s] writing entry points to ../build/lab4PD/lab4PD.egg-info/entry_points.txt
[2.076s] writing requirements to ../build/lab4PD/lab4PD.egg-info/requires.txt
[2.076s] writing top-level names to ../build/lab4PD/lab4PD.egg-info/top_level.txt
[2.076s] writing manifest file '../build/lab4PD/lab4PD.egg-info/SOURCES.txt'
[2.078s] reading manifest file '../build/lab4PD/lab4PD.egg-info/SOURCES.txt'
[2.078s] adding license file 'LICENSE'
[2.078s] writing manifest file '../build/lab4PD/lab4PD.egg-info/SOURCES.txt'
[2.078s] running build
[2.079s] running build_py
[2.079s] creating /home/student/anro_ws/src/build/lab4PD/build
[2.079s] creating /home/student/anro_ws/src/build/lab4PD/build/lib
[2.079s] creating /home/student/anro_ws/src/build/lab4PD/build/lib/lab4PD
[2.079s] copying lab4PD/__init__.py -> /home/student/anro_ws/src/build/lab4PD/build/lib/lab4PD
[2.079s] copying lab4PD/reverse_kinematics.py -> /home/student/anro_ws/src/build/lab4PD/build/lib/lab4PD
[2.079s] running install
[2.079s] running install_lib
[2.080s] creating /home/student/anro_ws/src/install/lab4PD/lib/python3.10/site-packages/lab4PD
[2.080s] copying /home/student/anro_ws/src/build/lab4PD/build/lib/lab4PD/__init__.py -> /home/student/anro_ws/src/install/lab4PD/lib/python3.10/site-packages/lab4PD
[2.080s] copying /home/student/anro_ws/src/build/lab4PD/build/lib/lab4PD/reverse_kinematics.py -> /home/student/anro_ws/src/install/lab4PD/lib/python3.10/site-packages/lab4PD
[2.081s] byte-compiling /home/student/anro_ws/src/install/lab4PD/lib/python3.10/site-packages/lab4PD/__init__.py to __init__.cpython-310.pyc
[2.081s] byte-compiling /home/student/anro_ws/src/install/lab4PD/lib/python3.10/site-packages/lab4PD/reverse_kinematics.py to reverse_kinematics.cpython-310.pyc
[2.082s] running install_data
[2.083s] creating /home/student/anro_ws/src/install/lab4PD/share/ament_index
[2.083s] creating /home/student/anro_ws/src/install/lab4PD/share/ament_index/resource_index
[2.083s] creating /home/student/anro_ws/src/install/lab4PD/share/ament_index/resource_index/packages
[2.083s] copying resource/lab4PD -> /home/student/anro_ws/src/install/lab4PD/share/ament_index/resource_index/packages
[2.083s] copying package.xml -> /home/student/anro_ws/src/install/lab4PD/share/lab4PD
[2.083s] creating /home/student/anro_ws/src/install/lab4PD/share/lab4PD/launch
[2.083s] running install_egg_info
[2.085s] Copying ../build/lab4PD/lab4PD.egg-info to /home/student/anro_ws/src/install/lab4PD/lib/python3.10/site-packages/lab4PD-0.0.0-py3.10.egg-info
[2.086s] running install_scripts
[2.108s] Installing reverse_kinematics script to /home/student/anro_ws/src/install/lab4PD/lib/lab4PD
[2.108s] writing list of installed files to '/home/student/anro_ws/src/build/lab4PD/install.log'
[2.162s] Invoked command in '/home/student/anro_ws/src/lab4PD' returned '0': PYTHONPATH=/home/student/anro_ws/src/build/lab4PD/prefix_override:/home/student/anro_ws/src/install/lab4PD/lib/python3.10/site-packages:${PYTHONPATH} /usr/bin/python3 setup.py egg_info --egg-base ../build/lab4PD build --build-base /home/student/anro_ws/src/build/lab4PD/build install --record /home/student/anro_ws/src/build/lab4PD/install.log --single-version-externally-managed
