[1.223s] Invoking command in '/home/student/anro_ws/anro_lab/lab2': PYTHONPATH=/home/student/anro_ws/anro_lab/build/lab2/prefix_override:/home/student/anro_ws/anro_lab/install/lab2/lib/python3.10/site-packages:${PYTHONPATH} /usr/bin/python3 setup.py egg_info --egg-base ../build/lab2 build --build-base /home/student/anro_ws/anro_lab/build/lab2/build install --record /home/student/anro_ws/anro_lab/build/lab2/install.log --single-version-externally-managed
[1.470s] running egg_info
[1.471s] creating ../build/lab2/lab2.egg-info
[1.471s] writing ../build/lab2/lab2.egg-info/PKG-INFO
[1.471s] writing dependency_links to ../build/lab2/lab2.egg-info/dependency_links.txt
[1.472s] writing entry points to ../build/lab2/lab2.egg-info/entry_points.txt
[1.472s] writing requirements to ../build/lab2/lab2.egg-info/requires.txt
[1.472s] writing top-level names to ../build/lab2/lab2.egg-info/top_level.txt
[1.472s] writing manifest file '../build/lab2/lab2.egg-info/SOURCES.txt'
[1.473s] reading manifest file '../build/lab2/lab2.egg-info/SOURCES.txt'
[1.474s] writing manifest file '../build/lab2/lab2.egg-info/SOURCES.txt'
[1.474s] running build
[1.474s] running build_py
[1.474s] creating /home/student/anro_ws/anro_lab/build/lab2/build
[1.474s] creating /home/student/anro_ws/anro_lab/build/lab2/build/lib
[1.475s] creating /home/student/anro_ws/anro_lab/build/lab2/build/lib/lab2
[1.475s] copying lab2/__init__.py -> /home/student/anro_ws/anro_lab/build/lab2/build/lib/lab2
[1.475s] running install
[1.475s] running install_lib
[1.476s] creating /home/student/anro_ws/anro_lab/install/lab2/lib/python3.10/site-packages/lab2
[1.476s] copying /home/student/anro_ws/anro_lab/build/lab2/build/lib/lab2/__init__.py -> /home/student/anro_ws/anro_lab/install/lab2/lib/python3.10/site-packages/lab2
[1.476s] byte-compiling /home/student/anro_ws/anro_lab/install/lab2/lib/python3.10/site-packages/lab2/__init__.py to __init__.cpython-310.pyc
[1.476s] running install_data
[1.477s] creating /home/student/anro_ws/anro_lab/install/lab2/share/ament_index
[1.477s] creating /home/student/anro_ws/anro_lab/install/lab2/share/ament_index/resource_index
[1.477s] creating /home/student/anro_ws/anro_lab/install/lab2/share/ament_index/resource_index/packages
[1.477s] copying resource/lab2 -> /home/student/anro_ws/anro_lab/install/lab2/share/ament_index/resource_index/packages
[1.477s] copying package.xml -> /home/student/anro_ws/anro_lab/install/lab2/share/lab2
[1.477s] running install_egg_info
[1.479s] Copying ../build/lab2/lab2.egg-info to /home/student/anro_ws/anro_lab/install/lab2/lib/python3.10/site-packages/lab2-0.0.0-py3.10.egg-info
[1.480s] running install_scripts
[1.498s] writing list of installed files to '/home/student/anro_ws/anro_lab/build/lab2/install.log'
[1.592s] Invoked command in '/home/student/anro_ws/anro_lab/lab2' returned '0': PYTHONPATH=/home/student/anro_ws/anro_lab/build/lab2/prefix_override:/home/student/anro_ws/anro_lab/install/lab2/lib/python3.10/site-packages:${PYTHONPATH} /usr/bin/python3 setup.py egg_info --egg-base ../build/lab2 build --build-base /home/student/anro_ws/anro_lab/build/lab2/build install --record /home/student/anro_ws/anro_lab/build/lab2/install.log --single-version-externally-managed
