running egg_info
writing ../build/lab4PD/lab4PD.egg-info/PKG-INFO
writing dependency_links to ../build/lab4PD/lab4PD.egg-info/dependency_links.txt
writing entry points to ../build/lab4PD/lab4PD.egg-info/entry_points.txt
writing requirements to ../build/lab4PD/lab4PD.egg-info/requires.txt
writing top-level names to ../build/lab4PD/lab4PD.egg-info/top_level.txt
reading manifest file '../build/lab4PD/lab4PD.egg-info/SOURCES.txt'
adding license file 'LICENSE'
writing manifest file '../build/lab4PD/lab4PD.egg-info/SOURCES.txt'
running build
running build_py
running install
running install_lib
running install_data
running install_egg_info
removing '/home/student/anro_ws/src/install/lab4PD/lib/python3.10/site-packages/lab4PD-0.0.0-py3.10.egg-info' (and everything under it)
Copying ../build/lab4PD/lab4PD.egg-info to /home/student/anro_ws/src/install/lab4PD/lib/python3.10/site-packages/lab4PD-0.0.0-py3.10.egg-info
running install_scripts
Installing reverse_kinematics script to /home/student/anro_ws/src/install/lab4PD/lib/lab4PD
writing list of installed files to '/home/student/anro_ws/src/build/lab4PD/install.log'
