running egg_info
writing ../build/lab6PD/lab6PD.egg-info/PKG-INFO
writing dependency_links to ../build/lab6PD/lab6PD.egg-info/dependency_links.txt
writing entry points to ../build/lab6PD/lab6PD.egg-info/entry_points.txt
writing requirements to ../build/lab6PD/lab6PD.egg-info/requires.txt
writing top-level names to ../build/lab6PD/lab6PD.egg-info/top_level.txt
reading manifest file '../build/lab6PD/lab6PD.egg-info/SOURCES.txt'
adding license file 'LICENSE'
writing manifest file '../build/lab6PD/lab6PD.egg-info/SOURCES.txt'
running build
running build_py
copying lab6PD/robot_pilot.py -> /home/student/anro_ws/src/build/lab6PD/build/lib/lab6PD
running install
running install_lib
copying /home/student/anro_ws/src/build/lab6PD/build/lib/lab6PD/robot_pilot.py -> /home/student/anro_ws/src/install/lab6PD/lib/python3.10/site-packages/lab6PD
byte-compiling /home/student/anro_ws/src/install/lab6PD/lib/python3.10/site-packages/lab6PD/robot_pilot.py to robot_pilot.cpython-310.pyc
running install_data
running install_egg_info
removing '/home/student/anro_ws/src/install/lab6PD/lib/python3.10/site-packages/lab6PD-0.0.0-py3.10.egg-info' (and everything under it)
Copying ../build/lab6PD/lab6PD.egg-info to /home/student/anro_ws/src/install/lab6PD/lib/python3.10/site-packages/lab6PD-0.0.0-py3.10.egg-info
running install_scripts
Installing marker_publisher script to /home/student/anro_ws/src/install/lab6PD/lib/lab6PD
Installing marker_sender script to /home/student/anro_ws/src/install/lab6PD/lib/lab6PD
Installing robot_pilot script to /home/student/anro_ws/src/install/lab6PD/lib/lab6PD
writing list of installed files to '/home/student/anro_ws/src/build/lab6PD/install.log'
