running egg_info
creating ../build/lab3PD/lab3PD.egg-info
writing ../build/lab3PD/lab3PD.egg-info/PKG-INFO
writing dependency_links to ../build/lab3PD/lab3PD.egg-info/dependency_links.txt
writing entry points to ../build/lab3PD/lab3PD.egg-info/entry_points.txt
writing requirements to ../build/lab3PD/lab3PD.egg-info/requires.txt
writing top-level names to ../build/lab3PD/lab3PD.egg-info/top_level.txt
writing manifest file '../build/lab3PD/lab3PD.egg-info/SOURCES.txt'
reading manifest file '../build/lab3PD/lab3PD.egg-info/SOURCES.txt'
adding license file 'LICENSE'
writing manifest file '../build/lab3PD/lab3PD.egg-info/SOURCES.txt'
running build
running build_py
creating /home/student/anro_ws/src/build/lab3PD/build
creating /home/student/anro_ws/src/build/lab3PD/build/lib
creating /home/student/anro_ws/src/build/lab3PD/build/lib/lab3PD
copying lab3PD/__init__.py -> /home/student/anro_ws/src/build/lab3PD/build/lib/lab3PD
running install
running install_lib
creating /home/student/anro_ws/src/install/lab3PD/lib/python3.10/site-packages/lab3PD
copying /home/student/anro_ws/src/build/lab3PD/build/lib/lab3PD/__init__.py -> /home/student/anro_ws/src/install/lab3PD/lib/python3.10/site-packages/lab3PD
byte-compiling /home/student/anro_ws/src/install/lab3PD/lib/python3.10/site-packages/lab3PD/__init__.py to __init__.cpython-310.pyc
running install_data
creating /home/student/anro_ws/src/install/lab3PD/share/ament_index
creating /home/student/anro_ws/src/install/lab3PD/share/ament_index/resource_index
creating /home/student/anro_ws/src/install/lab3PD/share/ament_index/resource_index/packages
copying resource/lab3PD -> /home/student/anro_ws/src/install/lab3PD/share/ament_index/resource_index/packages
copying package.xml -> /home/student/anro_ws/src/install/lab3PD/share/lab3PD
copying launch/dobot_launch.py -> /home/student/anro_ws/src/install/lab3PD/share/lab3PD
copying urdf/values.yaml -> /home/student/anro_ws/src/install/lab3PD/share/lab3PD
copying urdf/dobot.urdf.xacro -> /home/student/anro_ws/src/install/lab3PD/share/lab3PD
copying lab3PD/dobot_test.rviz -> /home/student/anro_ws/src/install/lab3PD/share/lab3PD
running install_egg_info
Copying ../build/lab3PD/lab3PD.egg-info to /home/student/anro_ws/src/install/lab3PD/lib/python3.10/site-packages/lab3PD-0.0.0-py3.10.egg-info
running install_scripts
writing list of installed files to '/home/student/anro_ws/src/build/lab3PD/install.log'
