running egg_info
creating ../build/lab6PD/lab6PD.egg-info
writing ../build/lab6PD/lab6PD.egg-info/PKG-INFO
writing dependency_links to ../build/lab6PD/lab6PD.egg-info/dependency_links.txt
writing entry points to ../build/lab6PD/lab6PD.egg-info/entry_points.txt
writing requirements to ../build/lab6PD/lab6PD.egg-info/requires.txt
writing top-level names to ../build/lab6PD/lab6PD.egg-info/top_level.txt
writing manifest file '../build/lab6PD/lab6PD.egg-info/SOURCES.txt'
reading manifest file '../build/lab6PD/lab6PD.egg-info/SOURCES.txt'
adding license file 'LICENSE'
writing manifest file '../build/lab6PD/lab6PD.egg-info/SOURCES.txt'
running build
running build_py
creating /home/student/anro_ws/src/build/lab6PD/build
creating /home/student/anro_ws/src/build/lab6PD/build/lib
creating /home/student/anro_ws/src/build/lab6PD/build/lib/lab6PD
copying lab6PD/marker_sender.py -> /home/student/anro_ws/src/build/lab6PD/build/lib/lab6PD
copying lab6PD/__init__.py -> /home/student/anro_ws/src/build/lab6PD/build/lib/lab6PD
copying lab6PD/marker_publisher.py -> /home/student/anro_ws/src/build/lab6PD/build/lib/lab6PD
copying lab6PD/robot_pilot.py -> /home/student/anro_ws/src/build/lab6PD/build/lib/lab6PD
running install
running install_lib
creating /home/student/anro_ws/src/install/lab6PD/lib/python3.10/site-packages/lab6PD
copying /home/student/anro_ws/src/build/lab6PD/build/lib/lab6PD/marker_sender.py -> /home/student/anro_ws/src/install/lab6PD/lib/python3.10/site-packages/lab6PD
copying /home/student/anro_ws/src/build/lab6PD/build/lib/lab6PD/__init__.py -> /home/student/anro_ws/src/install/lab6PD/lib/python3.10/site-packages/lab6PD
copying /home/student/anro_ws/src/build/lab6PD/build/lib/lab6PD/marker_publisher.py -> /home/student/anro_ws/src/install/lab6PD/lib/python3.10/site-packages/lab6PD
copying /home/student/anro_ws/src/build/lab6PD/build/lib/lab6PD/robot_pilot.py -> /home/student/anro_ws/src/install/lab6PD/lib/python3.10/site-packages/lab6PD
byte-compiling /home/student/anro_ws/src/install/lab6PD/lib/python3.10/site-packages/lab6PD/marker_sender.py to marker_sender.cpython-310.pyc
byte-compiling /home/student/anro_ws/src/install/lab6PD/lib/python3.10/site-packages/lab6PD/__init__.py to __init__.cpython-310.pyc
byte-compiling /home/student/anro_ws/src/install/lab6PD/lib/python3.10/site-packages/lab6PD/marker_publisher.py to marker_publisher.cpython-310.pyc
byte-compiling /home/student/anro_ws/src/install/lab6PD/lib/python3.10/site-packages/lab6PD/robot_pilot.py to robot_pilot.cpython-310.pyc
running install_data
creating /home/student/anro_ws/src/install/lab6PD/share/ament_index
creating /home/student/anro_ws/src/install/lab6PD/share/ament_index/resource_index
creating /home/student/anro_ws/src/install/lab6PD/share/ament_index/resource_index/packages
copying resource/lab6PD -> /home/student/anro_ws/src/install/lab6PD/share/ament_index/resource_index/packages
copying package.xml -> /home/student/anro_ws/src/install/lab6PD/share/lab6PD
running install_egg_info
Copying ../build/lab6PD/lab6PD.egg-info to /home/student/anro_ws/src/install/lab6PD/lib/python3.10/site-packages/lab6PD-0.0.0-py3.10.egg-info
running install_scripts
Installing marker_publisher script to /home/student/anro_ws/src/install/lab6PD/lib/lab6PD
Installing marker_sender script to /home/student/anro_ws/src/install/lab6PD/lib/lab6PD
Installing robot_pilot script to /home/student/anro_ws/src/install/lab6PD/lib/lab6PD
writing list of installed files to '/home/student/anro_ws/src/build/lab6PD/install.log'
