[1.177s] Invoking command in '/home/student/anro_ws/src/lab6PD': PYTHONPATH=/home/student/anro_ws/src/build/lab6PD/prefix_override:/home/student/anro_ws/src/install/lab6PD/lib/python3.10/site-packages:${PYTHONPATH} /usr/bin/python3 setup.py egg_info --egg-base ../build/lab6PD build --build-base /home/student/anro_ws/src/build/lab6PD/build install --record /home/student/anro_ws/src/build/lab6PD/install.log --single-version-externally-managed
[1.448s] running egg_info
[1.449s] creating ../build/lab6PD/lab6PD.egg-info
[1.449s] writing ../build/lab6PD/lab6PD.egg-info/PKG-INFO
[1.449s] writing dependency_links to ../build/lab6PD/lab6PD.egg-info/dependency_links.txt
[1.450s] writing entry points to ../build/lab6PD/lab6PD.egg-info/entry_points.txt
[1.450s] writing requirements to ../build/lab6PD/lab6PD.egg-info/requires.txt
[1.450s] writing top-level names to ../build/lab6PD/lab6PD.egg-info/top_level.txt
[1.450s] writing manifest file '../build/lab6PD/lab6PD.egg-info/SOURCES.txt'
[1.452s] reading manifest file '../build/lab6PD/lab6PD.egg-info/SOURCES.txt'
[1.452s] adding license file 'LICENSE'
[1.452s] writing manifest file '../build/lab6PD/lab6PD.egg-info/SOURCES.txt'
[1.453s] running build
[1.453s] running build_py
[1.453s] creating /home/student/anro_ws/src/build/lab6PD/build
[1.453s] creating /home/student/anro_ws/src/build/lab6PD/build/lib
[1.453s] creating /home/student/anro_ws/src/build/lab6PD/build/lib/lab6PD
[1.453s] copying lab6PD/marker_sender.py -> /home/student/anro_ws/src/build/lab6PD/build/lib/lab6PD
[1.453s] copying lab6PD/__init__.py -> /home/student/anro_ws/src/build/lab6PD/build/lib/lab6PD
[1.453s] copying lab6PD/marker_publisher.py -> /home/student/anro_ws/src/build/lab6PD/build/lib/lab6PD
[1.453s] copying lab6PD/robot_pilot.py -> /home/student/anro_ws/src/build/lab6PD/build/lib/lab6PD
[1.454s] running install
[1.454s] running install_lib
[1.455s] creating /home/student/anro_ws/src/install/lab6PD/lib/python3.10/site-packages/lab6PD
[1.455s] copying /home/student/anro_ws/src/build/lab6PD/build/lib/lab6PD/marker_sender.py -> /home/student/anro_ws/src/install/lab6PD/lib/python3.10/site-packages/lab6PD
[1.455s] copying /home/student/anro_ws/src/build/lab6PD/build/lib/lab6PD/__init__.py -> /home/student/anro_ws/src/install/lab6PD/lib/python3.10/site-packages/lab6PD
[1.455s] copying /home/student/anro_ws/src/build/lab6PD/build/lib/lab6PD/marker_publisher.py -> /home/student/anro_ws/src/install/lab6PD/lib/python3.10/site-packages/lab6PD
[1.455s] copying /home/student/anro_ws/src/build/lab6PD/build/lib/lab6PD/robot_pilot.py -> /home/student/anro_ws/src/install/lab6PD/lib/python3.10/site-packages/lab6PD
[1.456s] byte-compiling /home/student/anro_ws/src/install/lab6PD/lib/python3.10/site-packages/lab6PD/marker_sender.py to marker_sender.cpython-310.pyc
[1.457s] byte-compiling /home/student/anro_ws/src/install/lab6PD/lib/python3.10/site-packages/lab6PD/__init__.py to __init__.cpython-310.pyc
[1.457s] byte-compiling /home/student/anro_ws/src/install/lab6PD/lib/python3.10/site-packages/lab6PD/marker_publisher.py to marker_publisher.cpython-310.pyc
[1.458s] byte-compiling /home/student/anro_ws/src/install/lab6PD/lib/python3.10/site-packages/lab6PD/robot_pilot.py to robot_pilot.cpython-310.pyc
[1.460s] running install_data
[1.461s] creating /home/student/anro_ws/src/install/lab6PD/share/ament_index
[1.461s] creating /home/student/anro_ws/src/install/lab6PD/share/ament_index/resource_index
[1.461s] creating /home/student/anro_ws/src/install/lab6PD/share/ament_index/resource_index/packages
[1.461s] copying resource/lab6PD -> /home/student/anro_ws/src/install/lab6PD/share/ament_index/resource_index/packages
[1.461s] copying package.xml -> /home/student/anro_ws/src/install/lab6PD/share/lab6PD
[1.461s] running install_egg_info
[1.463s] Copying ../build/lab6PD/lab6PD.egg-info to /home/student/anro_ws/src/install/lab6PD/lib/python3.10/site-packages/lab6PD-0.0.0-py3.10.egg-info
[1.464s] running install_scripts
[1.485s] Installing marker_publisher script to /home/student/anro_ws/src/install/lab6PD/lib/lab6PD
[1.485s] Installing marker_sender script to /home/student/anro_ws/src/install/lab6PD/lib/lab6PD
[1.486s] Installing robot_pilot script to /home/student/anro_ws/src/install/lab6PD/lib/lab6PD
[1.486s] writing list of installed files to '/home/student/anro_ws/src/build/lab6PD/install.log'
[1.519s] Invoked command in '/home/student/anro_ws/src/lab6PD' returned '0': PYTHONPATH=/home/student/anro_ws/src/build/lab6PD/prefix_override:/home/student/anro_ws/src/install/lab6PD/lib/python3.10/site-packages:${PYTHONPATH} /usr/bin/python3 setup.py egg_info --egg-base ../build/lab6PD build --build-base /home/student/anro_ws/src/build/lab6PD/build install --record /home/student/anro_ws/src/build/lab6PD/install.log --single-version-externally-managed
