/home/student/anro_ws/src/install/lab6PD/lib/python3.10/site-packages/lab6PD/marker_sender.py
/home/student/anro_ws/src/install/lab6PD/lib/python3.10/site-packages/lab6PD/__init__.py
/home/student/anro_ws/src/install/lab6PD/lib/python3.10/site-packages/lab6PD/marker_publisher.py
/home/student/anro_ws/src/install/lab6PD/lib/python3.10/site-packages/lab6PD/robot_pilot.py
/home/student/anro_ws/src/install/lab6PD/lib/python3.10/site-packages/lab6PD/__pycache__/marker_sender.cpython-310.pyc
/home/student/anro_ws/src/install/lab6PD/lib/python3.10/site-packages/lab6PD/__pycache__/__init__.cpython-310.pyc
/home/student/anro_ws/src/install/lab6PD/lib/python3.10/site-packages/lab6PD/__pycache__/marker_publisher.cpython-310.pyc
/home/student/anro_ws/src/install/lab6PD/lib/python3.10/site-packages/lab6PD/__pycache__/robot_pilot.cpython-310.pyc
/home/student/anro_ws/src/install/lab6PD/share/ament_index/resource_index/packages/lab6PD
/home/student/anro_ws/src/install/lab6PD/share/lab6PD/package.xml
/home/student/anro_ws/src/install/lab6PD/lib/python3.10/site-packages/lab6PD-0.0.0-py3.10.egg-info/SOURCES.txt
/home/student/anro_ws/src/install/lab6PD/lib/python3.10/site-packages/lab6PD-0.0.0-py3.10.egg-info/requires.txt
/home/student/anro_ws/src/install/lab6PD/lib/python3.10/site-packages/lab6PD-0.0.0-py3.10.egg-info/entry_points.txt
/home/student/anro_ws/src/install/lab6PD/lib/python3.10/site-packages/lab6PD-0.0.0-py3.10.egg-info/dependency_links.txt
/home/student/anro_ws/src/install/lab6PD/lib/python3.10/site-packages/lab6PD-0.0.0-py3.10.egg-info/zip-safe
/home/student/anro_ws/src/install/lab6PD/lib/python3.10/site-packages/lab6PD-0.0.0-py3.10.egg-info/top_level.txt
/home/student/anro_ws/src/install/lab6PD/lib/python3.10/site-packages/lab6PD-0.0.0-py3.10.egg-info/PKG-INFO
/home/student/anro_ws/src/install/lab6PD/lib/lab6PD/marker_publisher
/home/student/anro_ws/src/install/lab6PD/lib/lab6PD/marker_sender
/home/student/anro_ws/src/install/lab6PD/lib/lab6PD/robot_pilot
