[1.137s] Invoking command in '/home/student/anro_ws/anro_lab/lab2PD': PYTHONPATH=/home/student/anro_ws/anro_lab/build/lab2PD/prefix_override:/home/student/anro_ws/anro_lab/install/lab2PD/lib/python3.10/site-packages:${PYTHONPATH} /usr/bin/python3 setup.py egg_info --egg-base ../build/lab2PD build --build-base /home/student/anro_ws/anro_lab/build/lab2PD/build install --record /home/student/anro_ws/anro_lab/build/lab2PD/install.log --single-version-externally-managed
[1.390s] running egg_info
[1.391s] creating ../build/lab2PD/lab2PD.egg-info
[1.392s] writing ../build/lab2PD/lab2PD.egg-info/PKG-INFO
[1.392s] writing dependency_links to ../build/lab2PD/lab2PD.egg-info/dependency_links.txt
[1.392s] writing entry points to ../build/lab2PD/lab2PD.egg-info/entry_points.txt
[1.392s] writing requirements to ../build/lab2PD/lab2PD.egg-info/requires.txt
[1.392s] writing top-level names to ../build/lab2PD/lab2PD.egg-info/top_level.txt
[1.392s] writing manifest file '../build/lab2PD/lab2PD.egg-info/SOURCES.txt'
[1.393s] reading manifest file '../build/lab2PD/lab2PD.egg-info/SOURCES.txt'
[1.395s] writing manifest file '../build/lab2PD/lab2PD.egg-info/SOURCES.txt'
[1.395s] running build
[1.395s] running build_py
[1.395s] creating /home/student/anro_ws/anro_lab/build/lab2PD/build
[1.395s] creating /home/student/anro_ws/anro_lab/build/lab2PD/build/lib
[1.395s] creating /home/student/anro_ws/anro_lab/build/lab2PD/build/lib/lab2PD
[1.395s] copying lab2PD/turtle_action.py -> /home/student/anro_ws/anro_lab/build/lab2PD/build/lib/lab2PD
[1.395s] copying lab2PD/__init__.py -> /home/student/anro_ws/anro_lab/build/lab2PD/build/lib/lab2PD
[1.395s] running install
[1.395s] running install_lib
[1.396s] creating /home/student/anro_ws/anro_lab/install/lab2PD/lib/python3.10/site-packages/lab2PD
[1.396s] copying /home/student/anro_ws/anro_lab/build/lab2PD/build/lib/lab2PD/turtle_action.py -> /home/student/anro_ws/anro_lab/install/lab2PD/lib/python3.10/site-packages/lab2PD
[1.396s] copying /home/student/anro_ws/anro_lab/build/lab2PD/build/lib/lab2PD/__init__.py -> /home/student/anro_ws/anro_lab/install/lab2PD/lib/python3.10/site-packages/lab2PD
[1.397s] byte-compiling /home/student/anro_ws/anro_lab/install/lab2PD/lib/python3.10/site-packages/lab2PD/turtle_action.py to turtle_action.cpython-310.pyc
[1.397s] byte-compiling /home/student/anro_ws/anro_lab/install/lab2PD/lib/python3.10/site-packages/lab2PD/__init__.py to __init__.cpython-310.pyc
[1.397s] running install_data
[1.398s] creating /home/student/anro_ws/anro_lab/install/lab2PD/share/ament_index
[1.398s] creating /home/student/anro_ws/anro_lab/install/lab2PD/share/ament_index/resource_index
[1.398s] creating /home/student/anro_ws/anro_lab/install/lab2PD/share/ament_index/resource_index/packages
[1.398s] copying resource/lab2PD -> /home/student/anro_ws/anro_lab/install/lab2PD/share/ament_index/resource_index/packages
[1.398s] copying package.xml -> /home/student/anro_ws/anro_lab/install/lab2PD/share/lab2PD
[1.398s] copying launch/turtle_action_launch.py -> /home/student/anro_ws/anro_lab/install/lab2PD/share/lab2PD
[1.399s] running install_egg_info
[1.400s] Copying ../build/lab2PD/lab2PD.egg-info to /home/student/anro_ws/anro_lab/install/lab2PD/lib/python3.10/site-packages/lab2PD-0.0.0-py3.10.egg-info
[1.401s] running install_scripts
[1.419s] Installing turtle_action script to /home/student/anro_ws/anro_lab/install/lab2PD/lib/lab2PD
[1.420s] writing list of installed files to '/home/student/anro_ws/anro_lab/build/lab2PD/install.log'
[1.458s] Invoked command in '/home/student/anro_ws/anro_lab/lab2PD' returned '0': PYTHONPATH=/home/student/anro_ws/anro_lab/build/lab2PD/prefix_override:/home/student/anro_ws/anro_lab/install/lab2PD/lib/python3.10/site-packages:${PYTHONPATH} /usr/bin/python3 setup.py egg_info --egg-base ../build/lab2PD build --build-base /home/student/anro_ws/anro_lab/build/lab2PD/build install --record /home/student/anro_ws/anro_lab/build/lab2PD/install.log --single-version-externally-managed
