[1.057s] DEBUG:colcon:Command line arguments: ['/usr/bin/colcon', 'build']
[1.058s] DEBUG:colcon:Parsed command line arguments: Namespace(log_base=None, log_level=None, verb_name='build', build_base='build', install_base='install', merge_install=False, symlink_install=False, test_result_base=None, continue_on_error=False, executor='parallel', parallel_workers=4, event_handlers=None, ignore_user_meta=False, metas=['./colcon.meta'], base_paths=['.'], packages_ignore=None, packages_ignore_regex=None, paths=None, packages_up_to=None, packages_up_to_regex=None, packages_above=None, packages_above_and_dependencies=None, packages_above_depth=None, packages_select_by_dep=None, packages_skip_by_dep=None, packages_skip_up_to=None, packages_select_build_failed=False, packages_skip_build_finished=False, packages_select_test_failures=False, packages_skip_test_passed=False, packages_select=None, packages_skip=None, packages_select_regex=None, packages_skip_regex=None, packages_start=None, packages_end=None, allow_overriding=[], cmake_args=None, cmake_target=None, cmake_target_skip_unavailable=False, cmake_clean_cache=False, cmake_clean_first=False, cmake_force_configure=False, ament_cmake_args=None, catkin_cmake_args=None, catkin_skip_building_tests=False, verb_parser=<colcon_defaults.argument_parser.defaults.DefaultArgumentsDecorator object at 0x754ce977ee30>, verb_extension=<colcon_core.verb.build.BuildVerb object at 0x754ce977fbe0>, main=<bound method BuildVerb.main of <colcon_core.verb.build.BuildVerb object at 0x754ce977fbe0>>)
[1.104s] Level 1:colcon.colcon_core.package_discovery:discover_packages(colcon_meta) check parameters
[1.104s] Level 1:colcon.colcon_core.package_discovery:discover_packages(recursive) check parameters
[1.104s] Level 1:colcon.colcon_core.package_discovery:discover_packages(ignore) check parameters
[1.104s] Level 1:colcon.colcon_core.package_discovery:discover_packages(path) check parameters
[1.104s] Level 1:colcon.colcon_core.package_discovery:discover_packages(colcon_meta) discover
[1.104s] Level 1:colcon.colcon_core.package_discovery:discover_packages(recursive) discover
[1.104s] INFO:colcon.colcon_core.package_discovery:Crawling recursively for packages in '/home/student/anro_ws/anro_lab'
[1.104s] Level 1:colcon.colcon_core.package_identification:_identify(.) by extensions ['ignore', 'ignore_ament_install']
[1.104s] Level 1:colcon.colcon_core.package_identification:_identify(.) by extension 'ignore'
[1.104s] Level 1:colcon.colcon_core.package_identification:_identify(.) by extension 'ignore_ament_install'
[1.104s] Level 1:colcon.colcon_core.package_identification:_identify(.) by extensions ['colcon_pkg']
[1.104s] Level 1:colcon.colcon_core.package_identification:_identify(.) by extension 'colcon_pkg'
[1.104s] Level 1:colcon.colcon_core.package_identification:_identify(.) by extensions ['colcon_meta']
[1.104s] Level 1:colcon.colcon_core.package_identification:_identify(.) by extension 'colcon_meta'
[1.104s] Level 1:colcon.colcon_core.package_identification:_identify(.) by extensions ['ros']
[1.104s] Level 1:colcon.colcon_core.package_identification:_identify(.) by extension 'ros'
[1.115s] Level 1:colcon.colcon_core.package_identification:_identify(.) by extensions ['cmake', 'python']
[1.115s] Level 1:colcon.colcon_core.package_identification:_identify(.) by extension 'cmake'
[1.115s] Level 1:colcon.colcon_core.package_identification:_identify(.) by extension 'python'
[1.115s] Level 1:colcon.colcon_core.package_identification:_identify(.) by extensions ['python_setup_py']
[1.115s] Level 1:colcon.colcon_core.package_identification:_identify(.) by extension 'python_setup_py'
[1.115s] Level 1:colcon.colcon_core.package_identification:_identify(build) by extensions ['ignore', 'ignore_ament_install']
[1.115s] Level 1:colcon.colcon_core.package_identification:_identify(build) by extension 'ignore'
[1.115s] Level 1:colcon.colcon_core.package_identification:_identify(build) ignored
[1.115s] Level 1:colcon.colcon_core.package_identification:_identify(install) by extensions ['ignore', 'ignore_ament_install']
[1.115s] Level 1:colcon.colcon_core.package_identification:_identify(install) by extension 'ignore'
[1.116s] Level 1:colcon.colcon_core.package_identification:_identify(install) ignored
[1.116s] Level 1:colcon.colcon_core.package_identification:_identify(lab2) by extensions ['ignore', 'ignore_ament_install']
[1.116s] Level 1:colcon.colcon_core.package_identification:_identify(lab2) by extension 'ignore'
[1.116s] Level 1:colcon.colcon_core.package_identification:_identify(lab2) by extension 'ignore_ament_install'
[1.116s] Level 1:colcon.colcon_core.package_identification:_identify(lab2) by extensions ['colcon_pkg']
[1.116s] Level 1:colcon.colcon_core.package_identification:_identify(lab2) by extension 'colcon_pkg'
[1.116s] Level 1:colcon.colcon_core.package_identification:_identify(lab2) by extensions ['colcon_meta']
[1.116s] Level 1:colcon.colcon_core.package_identification:_identify(lab2) by extension 'colcon_meta'
[1.116s] Level 1:colcon.colcon_core.package_identification:_identify(lab2) by extensions ['ros']
[1.116s] Level 1:colcon.colcon_core.package_identification:_identify(lab2) by extension 'ros'
[1.118s] DEBUG:colcon.colcon_core.package_identification:Package 'lab2' with type 'ros.ament_python' and name 'lab2'
[1.118s] Level 1:colcon.colcon_core.package_identification:_identify(lab2PD) by extensions ['ignore', 'ignore_ament_install']
[1.118s] Level 1:colcon.colcon_core.package_identification:_identify(lab2PD) by extension 'ignore'
[1.118s] Level 1:colcon.colcon_core.package_identification:_identify(lab2PD) by extension 'ignore_ament_install'
[1.118s] Level 1:colcon.colcon_core.package_identification:_identify(lab2PD) by extensions ['colcon_pkg']
[1.119s] Level 1:colcon.colcon_core.package_identification:_identify(lab2PD) by extension 'colcon_pkg'
[1.119s] Level 1:colcon.colcon_core.package_identification:_identify(lab2PD) by extensions ['colcon_meta']
[1.119s] Level 1:colcon.colcon_core.package_identification:_identify(lab2PD) by extension 'colcon_meta'
[1.119s] Level 1:colcon.colcon_core.package_identification:_identify(lab2PD) by extensions ['ros']
[1.119s] Level 1:colcon.colcon_core.package_identification:_identify(lab2PD) by extension 'ros'
[1.119s] DEBUG:colcon.colcon_core.package_identification:Package 'lab2PD' with type 'ros.ament_python' and name 'lab2PD'
[1.119s] Level 1:colcon.colcon_core.package_identification:_identify(log) by extensions ['ignore', 'ignore_ament_install']
[1.119s] Level 1:colcon.colcon_core.package_identification:_identify(log) by extension 'ignore'
[1.119s] Level 1:colcon.colcon_core.package_identification:_identify(log) ignored
[1.119s] Level 1:colcon.colcon_core.package_discovery:discover_packages(recursive) using defaults
[1.119s] Level 1:colcon.colcon_core.package_discovery:discover_packages(ignore) discover
[1.120s] Level 1:colcon.colcon_core.package_discovery:discover_packages(ignore) using defaults
[1.120s] Level 1:colcon.colcon_core.package_discovery:discover_packages(path) discover
[1.120s] Level 1:colcon.colcon_core.package_discovery:discover_packages(path) using defaults
[1.212s] Level 1:colcon.colcon_core.package_discovery:discover_packages(prefix_path) check parameters
[1.212s] Level 1:colcon.colcon_core.package_discovery:discover_packages(prefix_path) discover
[1.248s] DEBUG:colcon.colcon_installed_package_information.package_discovery:Found 9 installed packages in /opt/dobot_anro_system/install
[1.263s] DEBUG:colcon.colcon_installed_package_information.package_discovery:Found 280 installed packages in /opt/ros/humble
[1.265s] Level 1:colcon.colcon_core.package_discovery:discover_packages(prefix_path) using defaults
[1.359s] Level 5:colcon.colcon_core.verb:set package 'lab2' build argument 'cmake_args' from command line to 'None'
[1.359s] Level 5:colcon.colcon_core.verb:set package 'lab2' build argument 'cmake_target' from command line to 'None'
[1.359s] Level 5:colcon.colcon_core.verb:set package 'lab2' build argument 'cmake_target_skip_unavailable' from command line to 'False'
[1.359s] Level 5:colcon.colcon_core.verb:set package 'lab2' build argument 'cmake_clean_cache' from command line to 'False'
[1.359s] Level 5:colcon.colcon_core.verb:set package 'lab2' build argument 'cmake_clean_first' from command line to 'False'
[1.359s] Level 5:colcon.colcon_core.verb:set package 'lab2' build argument 'cmake_force_configure' from command line to 'False'
[1.359s] Level 5:colcon.colcon_core.verb:set package 'lab2' build argument 'ament_cmake_args' from command line to 'None'
[1.359s] Level 5:colcon.colcon_core.verb:set package 'lab2' build argument 'catkin_cmake_args' from command line to 'None'
[1.359s] Level 5:colcon.colcon_core.verb:set package 'lab2' build argument 'catkin_skip_building_tests' from command line to 'False'
[1.359s] DEBUG:colcon.colcon_core.verb:Building package 'lab2' with the following arguments: {'ament_cmake_args': None, 'build_base': '/home/student/anro_ws/anro_lab/build/lab2', 'catkin_cmake_args': None, 'catkin_skip_building_tests': False, 'cmake_args': None, 'cmake_clean_cache': False, 'cmake_clean_first': False, 'cmake_force_configure': False, 'cmake_target': None, 'cmake_target_skip_unavailable': False, 'install_base': '/home/student/anro_ws/anro_lab/install/lab2', 'merge_install': False, 'path': '/home/student/anro_ws/anro_lab/lab2', 'symlink_install': False, 'test_result_base': None}
[1.374s] Level 5:colcon.colcon_core.verb:set package 'lab2PD' build argument 'cmake_args' from command line to 'None'
[1.374s] Level 5:colcon.colcon_core.verb:set package 'lab2PD' build argument 'cmake_target' from command line to 'None'
[1.374s] Level 5:colcon.colcon_core.verb:set package 'lab2PD' build argument 'cmake_target_skip_unavailable' from command line to 'False'
[1.374s] Level 5:colcon.colcon_core.verb:set package 'lab2PD' build argument 'cmake_clean_cache' from command line to 'False'
[1.374s] Level 5:colcon.colcon_core.verb:set package 'lab2PD' build argument 'cmake_clean_first' from command line to 'False'
[1.374s] Level 5:colcon.colcon_core.verb:set package 'lab2PD' build argument 'cmake_force_configure' from command line to 'False'
[1.374s] Level 5:colcon.colcon_core.verb:set package 'lab2PD' build argument 'ament_cmake_args' from command line to 'None'
[1.374s] Level 5:colcon.colcon_core.verb:set package 'lab2PD' build argument 'catkin_cmake_args' from command line to 'None'
[1.374s] Level 5:colcon.colcon_core.verb:set package 'lab2PD' build argument 'catkin_skip_building_tests' from command line to 'False'
[1.374s] DEBUG:colcon.colcon_core.verb:Building package 'lab2PD' with the following arguments: {'ament_cmake_args': None, 'build_base': '/home/student/anro_ws/anro_lab/build/lab2PD', 'catkin_cmake_args': None, 'catkin_skip_building_tests': False, 'cmake_args': None, 'cmake_clean_cache': False, 'cmake_clean_first': False, 'cmake_force_configure': False, 'cmake_target': None, 'cmake_target_skip_unavailable': False, 'install_base': '/home/student/anro_ws/anro_lab/install/lab2PD', 'merge_install': False, 'path': '/home/student/anro_ws/anro_lab/lab2PD', 'symlink_install': False, 'test_result_base': None}
[1.388s] INFO:colcon.colcon_core.executor:Executing jobs using 'parallel' executor
[1.403s] DEBUG:colcon.colcon_parallel_executor.executor.parallel:run_until_complete
[1.404s] INFO:colcon.colcon_ros.task.ament_python.build:Building ROS package in '/home/student/anro_ws/anro_lab/lab2' with build type 'ament_python'
[1.404s] Level 1:colcon.colcon_core.shell:create_environment_hook('lab2', 'ament_prefix_path')
[1.421s] INFO:colcon.colcon_core.plugin_system:Skipping extension 'colcon_core.shell.bat': Not used on non-Windows systems
[1.421s] INFO:colcon.colcon_core.shell:Creating environment hook '/home/student/anro_ws/anro_lab/install/lab2/share/lab2/hook/ament_prefix_path.ps1'
[1.421s] INFO:colcon.colcon_core.shell:Creating environment descriptor '/home/student/anro_ws/anro_lab/install/lab2/share/lab2/hook/ament_prefix_path.dsv'
[1.422s] INFO:colcon.colcon_core.shell:Creating environment hook '/home/student/anro_ws/anro_lab/install/lab2/share/lab2/hook/ament_prefix_path.sh'
[1.437s] INFO:colcon.colcon_core.shell:Skip shell extension 'powershell' for command environment: Not usable outside of PowerShell
[1.438s] DEBUG:colcon.colcon_core.shell:Skip shell extension 'dsv' for command environment
[1.484s] INFO:colcon.colcon_ros.task.ament_python.build:Building ROS package in '/home/student/anro_ws/anro_lab/lab2PD' with build type 'ament_python'
[1.484s] Level 1:colcon.colcon_core.shell:create_environment_hook('lab2PD', 'ament_prefix_path')
[1.499s] INFO:colcon.colcon_core.shell:Creating environment hook '/home/student/anro_ws/anro_lab/install/lab2PD/share/lab2PD/hook/ament_prefix_path.ps1'
[1.500s] INFO:colcon.colcon_core.shell:Creating environment descriptor '/home/student/anro_ws/anro_lab/install/lab2PD/share/lab2PD/hook/ament_prefix_path.dsv'
[1.500s] INFO:colcon.colcon_core.shell:Creating environment hook '/home/student/anro_ws/anro_lab/install/lab2PD/share/lab2PD/hook/ament_prefix_path.sh'
[1.516s] INFO:colcon.colcon_core.shell:Skip shell extension 'powershell' for command environment: Not usable outside of PowerShell
[1.516s] DEBUG:colcon.colcon_core.shell:Skip shell extension 'dsv' for command environment
[1.827s] INFO:colcon.colcon_core.task.python.build:Building Python package in '/home/student/anro_ws/anro_lab/lab2'
[1.855s] INFO:colcon.colcon_core.shell:Skip shell extension 'powershell' for command environment: Not usable outside of PowerShell
[1.855s] DEBUG:colcon.colcon_core.shell:Skip shell extension 'dsv' for command environment
[2.167s] INFO:colcon.colcon_core.task.python.build:Building Python package in '/home/student/anro_ws/anro_lab/lab2PD'
[2.183s] INFO:colcon.colcon_core.shell:Skip shell extension 'powershell' for command environment: Not usable outside of PowerShell
[2.183s] DEBUG:colcon.colcon_core.shell:Skip shell extension 'dsv' for command environment
[2.621s] DEBUG:colcon.colcon_core.event_handler.log_command:Invoking command in '/home/student/anro_ws/anro_lab/lab2PD': PYTHONPATH=/home/student/anro_ws/anro_lab/build/lab2PD/prefix_override:/home/student/anro_ws/anro_lab/install/lab2PD/lib/python3.10/site-packages:${PYTHONPATH} /usr/bin/python3 setup.py egg_info --egg-base ../build/lab2PD build --build-base /home/student/anro_ws/anro_lab/build/lab2PD/build install --record /home/student/anro_ws/anro_lab/build/lab2PD/install.log --single-version-externally-managed
[2.627s] DEBUG:colcon.colcon_core.event_handler.log_command:Invoking command in '/home/student/anro_ws/anro_lab/lab2': PYTHONPATH=/home/student/anro_ws/anro_lab/build/lab2/prefix_override:/home/student/anro_ws/anro_lab/install/lab2/lib/python3.10/site-packages:${PYTHONPATH} /usr/bin/python3 setup.py egg_info --egg-base ../build/lab2 build --build-base /home/student/anro_ws/anro_lab/build/lab2/build install --record /home/student/anro_ws/anro_lab/build/lab2/install.log --single-version-externally-managed
[2.942s] DEBUG:colcon.colcon_core.event_handler.log_command:Invoked command in '/home/student/anro_ws/anro_lab/lab2PD' returned '0': PYTHONPATH=/home/student/anro_ws/anro_lab/build/lab2PD/prefix_override:/home/student/anro_ws/anro_lab/install/lab2PD/lib/python3.10/site-packages:${PYTHONPATH} /usr/bin/python3 setup.py egg_info --egg-base ../build/lab2PD build --build-base /home/student/anro_ws/anro_lab/build/lab2PD/build install --record /home/student/anro_ws/anro_lab/build/lab2PD/install.log --single-version-externally-managed
[2.959s] Level 1:colcon.colcon_core.environment:checking '/home/student/anro_ws/anro_lab/install/lab2PD' for CMake module files
[2.960s] Level 1:colcon.colcon_core.environment:checking '/home/student/anro_ws/anro_lab/install/lab2PD' for CMake config files
[2.960s] Level 1:colcon.colcon_core.environment:checking '/home/student/anro_ws/anro_lab/install/lab2PD/lib'
[2.960s] Level 1:colcon.colcon_core.environment:checking '/home/student/anro_ws/anro_lab/install/lab2PD/bin'
[2.960s] Level 1:colcon.colcon_core.environment:checking '/home/student/anro_ws/anro_lab/install/lab2PD/lib/pkgconfig/lab2PD.pc'
[2.961s] Level 1:colcon.colcon_core.environment:checking '/home/student/anro_ws/anro_lab/install/lab2PD/lib/python3.10/site-packages'
[2.961s] Level 1:colcon.colcon_core.shell:create_environment_hook('lab2PD', 'pythonpath')
[2.976s] INFO:colcon.colcon_core.shell:Creating environment hook '/home/student/anro_ws/anro_lab/install/lab2PD/share/lab2PD/hook/pythonpath.ps1'
[2.976s] INFO:colcon.colcon_core.shell:Creating environment descriptor '/home/student/anro_ws/anro_lab/install/lab2PD/share/lab2PD/hook/pythonpath.dsv'
[2.977s] INFO:colcon.colcon_core.shell:Creating environment hook '/home/student/anro_ws/anro_lab/install/lab2PD/share/lab2PD/hook/pythonpath.sh'
[2.977s] Level 1:colcon.colcon_core.environment:checking '/home/student/anro_ws/anro_lab/install/lab2PD/bin'
[2.977s] Level 1:colcon.colcon_core.environment:create_environment_scripts_only(lab2PD)
[2.992s] INFO:colcon.colcon_core.shell:Creating package script '/home/student/anro_ws/anro_lab/install/lab2PD/share/lab2PD/package.ps1'
[2.993s] INFO:colcon.colcon_core.shell:Creating package descriptor '/home/student/anro_ws/anro_lab/install/lab2PD/share/lab2PD/package.dsv'
[2.993s] INFO:colcon.colcon_core.shell:Creating package script '/home/student/anro_ws/anro_lab/install/lab2PD/share/lab2PD/package.sh'
[2.994s] INFO:colcon.colcon_core.shell:Creating package script '/home/student/anro_ws/anro_lab/install/lab2PD/share/lab2PD/package.bash'
[2.994s] INFO:colcon.colcon_core.shell:Creating package script '/home/student/anro_ws/anro_lab/install/lab2PD/share/lab2PD/package.zsh'
[2.995s] Level 1:colcon.colcon_core.environment:create_file_with_runtime_dependencies(/home/student/anro_ws/anro_lab/install/lab2PD/share/colcon-core/packages/lab2PD)
[2.997s] DEBUG:colcon.colcon_core.event_handler.log_command:Invoked command in '/home/student/anro_ws/anro_lab/lab2' returned '0': PYTHONPATH=/home/student/anro_ws/anro_lab/build/lab2/prefix_override:/home/student/anro_ws/anro_lab/install/lab2/lib/python3.10/site-packages:${PYTHONPATH} /usr/bin/python3 setup.py egg_info --egg-base ../build/lab2 build --build-base /home/student/anro_ws/anro_lab/build/lab2/build install --record /home/student/anro_ws/anro_lab/build/lab2/install.log --single-version-externally-managed
[3.012s] Level 1:colcon.colcon_core.environment:checking '/home/student/anro_ws/anro_lab/install/lab2' for CMake module files
[3.012s] Level 1:colcon.colcon_core.environment:checking '/home/student/anro_ws/anro_lab/install/lab2' for CMake config files
[3.012s] Level 1:colcon.colcon_core.environment:checking '/home/student/anro_ws/anro_lab/install/lab2/lib'
[3.012s] Level 1:colcon.colcon_core.environment:checking '/home/student/anro_ws/anro_lab/install/lab2/bin'
[3.013s] Level 1:colcon.colcon_core.environment:checking '/home/student/anro_ws/anro_lab/install/lab2/lib/pkgconfig/lab2.pc'
[3.013s] Level 1:colcon.colcon_core.environment:checking '/home/student/anro_ws/anro_lab/install/lab2/lib/python3.10/site-packages'
[3.013s] Level 1:colcon.colcon_core.shell:create_environment_hook('lab2', 'pythonpath')
[3.028s] INFO:colcon.colcon_core.shell:Creating environment hook '/home/student/anro_ws/anro_lab/install/lab2/share/lab2/hook/pythonpath.ps1'
[3.029s] INFO:colcon.colcon_core.shell:Creating environment descriptor '/home/student/anro_ws/anro_lab/install/lab2/share/lab2/hook/pythonpath.dsv'
[3.029s] INFO:colcon.colcon_core.shell:Creating environment hook '/home/student/anro_ws/anro_lab/install/lab2/share/lab2/hook/pythonpath.sh'
[3.029s] Level 1:colcon.colcon_core.environment:checking '/home/student/anro_ws/anro_lab/install/lab2/bin'
[3.029s] Level 1:colcon.colcon_core.environment:create_environment_scripts_only(lab2)
[3.045s] INFO:colcon.colcon_core.shell:Creating package script '/home/student/anro_ws/anro_lab/install/lab2/share/lab2/package.ps1'
[3.045s] INFO:colcon.colcon_core.shell:Creating package descriptor '/home/student/anro_ws/anro_lab/install/lab2/share/lab2/package.dsv'
[3.046s] INFO:colcon.colcon_core.shell:Creating package script '/home/student/anro_ws/anro_lab/install/lab2/share/lab2/package.sh'
[3.046s] INFO:colcon.colcon_core.shell:Creating package script '/home/student/anro_ws/anro_lab/install/lab2/share/lab2/package.bash'
[3.046s] INFO:colcon.colcon_core.shell:Creating package script '/home/student/anro_ws/anro_lab/install/lab2/share/lab2/package.zsh'
[3.047s] Level 1:colcon.colcon_core.environment:create_file_with_runtime_dependencies(/home/student/anro_ws/anro_lab/install/lab2/share/colcon-core/packages/lab2)
[3.047s] DEBUG:colcon.colcon_parallel_executor.executor.parallel:closing loop
[3.047s] DEBUG:colcon.colcon_parallel_executor.executor.parallel:loop closed
[3.047s] DEBUG:colcon.colcon_parallel_executor.executor.parallel:run_until_complete finished with '0'
[3.048s] DEBUG:colcon.colcon_core.event_reactor:joining thread
[3.068s] INFO:colcon.colcon_core.plugin_system:Skipping extension 'colcon_notification.desktop_notification.terminal_notifier': Not used on non-Darwin systems
[3.068s] INFO:colcon.colcon_core.plugin_system:Skipping extension 'colcon_notification.desktop_notification.win32': Not used on non-Windows systems
[3.068s] INFO:colcon.colcon_notification.desktop_notification:Sending desktop notification using 'notify2'
[3.079s] DEBUG:colcon.colcon_core.event_reactor:joined thread
[3.095s] INFO:colcon.colcon_core.shell:Creating prefix script '/home/student/anro_ws/anro_lab/install/local_setup.ps1'
[3.096s] INFO:colcon.colcon_core.shell:Creating prefix util module '/home/student/anro_ws/anro_lab/install/_local_setup_util_ps1.py'
[3.097s] INFO:colcon.colcon_core.shell:Creating prefix chain script '/home/student/anro_ws/anro_lab/install/setup.ps1'
[3.113s] INFO:colcon.colcon_core.shell:Creating prefix script '/home/student/anro_ws/anro_lab/install/local_setup.sh'
[3.114s] INFO:colcon.colcon_core.shell:Creating prefix util module '/home/student/anro_ws/anro_lab/install/_local_setup_util_sh.py'
[3.114s] INFO:colcon.colcon_core.shell:Creating prefix chain script '/home/student/anro_ws/anro_lab/install/setup.sh'
[3.131s] INFO:colcon.colcon_core.shell:Creating prefix script '/home/student/anro_ws/anro_lab/install/local_setup.bash'
[3.131s] INFO:colcon.colcon_core.shell:Creating prefix chain script '/home/student/anro_ws/anro_lab/install/setup.bash'
[3.147s] INFO:colcon.colcon_core.shell:Creating prefix script '/home/student/anro_ws/anro_lab/install/local_setup.zsh'
[3.147s] INFO:colcon.colcon_core.shell:Creating prefix chain script '/home/student/anro_ws/anro_lab/install/setup.zsh'
